#
# A fatal error has been detected by the Java Runtime Environment:
#
#  EXCEPTION_ACCESS_VIOLATION (0xc0000005) at pc=0x0000018d51189a0f, pid=5280, tid=23476
#
# JRE version: OpenJDK Runtime Environment (19.0+36) (build 19+36-2238)
# Java VM: OpenJDK 64-Bit Server VM (19+36-2238, mixed mode, sharing, tiered, compressed oops, compressed class ptrs, g1 gc, windows-amd64)
# Problematic frame:
# J 1345 c1 java.awt.EventQueue.getPriority(Ljava/awt/AWTEvent;)I java.desktop@19 (78 bytes) @ 0x0000018d51189a0f [0x0000018d51189580+0x000000000000048f]
#
# No core dump will be written. Minidumps are not enabled by default on client versions of Windows
#
# If you would like to submit a bug report, please visit:
#   https://bugreport.java.com/bugreport/crash.jsp
#

---------------  S U M M A R Y ------------

Command Line: -javaagent:G:\IntelliJ IDEA 2022.2.2\lib\idea_rt.jar=60456:G:\IntelliJ IDEA 2022.2.2\bin -Dfile.encoding=UTF-8 -Dsun.stdout.encoding=UTF-8 -Dsun.stderr.encoding=UTF-8 TestRental

Host: Intel(R) Core(TM) i7-8700K CPU @ 3.70GHz, 12 cores, 31G,  Windows 10 , 64 bit Build 19041 (10.0.19041.2364)
Time: Sat Jan  7 06:35:15 2023 Romance Standard Time elapsed time: 1.212713 seconds (0d 0h 0m 1s)

---------------  T H R E A D  ---------------

Current thread (0x0000018d7c071c20):  JavaThread "AWT-EventQueue-0" [_thread_in_Java, id=23476, stack(0x0000007508c00000,0x0000007508d00000)]

Stack: [0x0000007508c00000,0x0000007508d00000],  sp=0x0000007508cff1f0,  free space=1020k
Native frames: (J=compiled Java code, j=interpreted, Vv=VM code, C=native code)
C  0x0000018d51189a0f


siginfo: EXCEPTION_ACCESS_VIOLATION (0xc0000005), reading address 0x0000008d7743f9c0


Registers:
RAX=0x00000000000004b0, RBX=0x0000000801081de8, RCX=0x00000006208721d0, RDX=0x00000006209a1ae0
RSP=0x0000007508cff1f0, RBP=0x0000007508cff4b0, RSI=0x0000008d7743f6d0, RDI=0x00000000000002f0
R8 =0x0000000000000001, R9 =0x0000018d77439048, R10=0x0000000800000000, R11=0x0000000000000000
R12=0x0000000000000000, R13=0x0000018d511cbb94, R14=0x0000007508cff260, R15=0x0000018d7c071c20
RIP=0x0000018d51189a0f, EFLAGS=0x0000000000010206


Register to memory mapping:

RIP=0x0000018d51189a0f is at entry_point+1167 in (nmethod*)0x0000018d51189390
Compiled method (c1)    1224 1345       3       java.awt.EventQueue::getPriority (78 bytes)
 total in heap  [0x0000018d51189390,0x0000018d51189ca0] = 2320
 relocation     [0x0000018d511894f0,0x0000018d51189568] = 120
 main code      [0x0000018d51189580,0x0000018d51189ba0] = 1568
 stub code      [0x0000018d51189ba0,0x0000018d51189bd8] = 56
 metadata       [0x0000018d51189bd8,0x0000018d51189bf8] = 32
 scopes data    [0x0000018d51189bf8,0x0000018d51189c20] = 40
 scopes pcs     [0x0000018d51189c20,0x0000018d51189c80] = 96
 dependencies   [0x0000018d51189c80,0x0000018d51189c88] = 8
 nul chk table  [0x0000018d51189c88,0x0000018d51189ca0] = 24
RAX=0x00000000000004b0 is an unknown value
RBX=0x0000000801081de8 is a pointer to class: 
sun.awt.PeerEvent {0x0000000801081df0}
 - instance size:     9
 - klass size:        84
 - access:            public synchronized 
 - state:             fully_initialized
 - name:              'sun/awt/PeerEvent'
 - super:             'java/awt/event/InvocationEvent'
 - sub:               
 - arrays:            NULL
 - methods:           Array<T>(0x0000018d76fea988)
 - method ordering:   Array<T>(0x0000000800b0e978)
 - default_methods:   Array<T>(0x0000000000000000)
 - local interfaces:  Array<T>(0x00000008005fbd98)
 - trans. interfaces: Array<T>(0x0000018d76fec0e8)
 - constants:         constant pool [46] {0x0000018d76fea788} for 'sun/awt/PeerEvent' cache=0x0000018d76fec3e0
 - class loader data:  loader data: 0x0000018d75ffe8e0 of 'bootstrap'
 - source file:       'PeerEvent.java'
 - class annotations:       Array<T>(0x0000000000000000)
 - class type annotations:  Array<T>(0x0000000000000000)
 - field annotations:       Array<T>(0x0000000000000000)
 - field type annotations:  Array<T>(0x0000000000000000)
 - inner classes:     Array<T>(0x00000008005fbd20)
 - nest members:     Array<T>(0x00000008005fbd20)
 - permitted subclasses:     Array<T>(0x00000008005fbd20)
 - java mirror:       a 'java/lang/Class'{0x0000000620b3eed0} = 'sun/awt/PeerEvent'
 - vtable length      21  (start addr: 0x0000000801081fa0)
 - itable length      5 (start addr: 0x0000000801082048)
 - ---- static fields (3 words):
 - public static final 'PRIORITY_EVENT' 'J' @112 
 - public static final 'ULTIMATE_PRIORITY_EVENT' 'J' @120 
 - public static final 'LOW_PRIORITY_EVENT' 'J' @128 
 - ---- non-static fields (15 words):
 - protected transient 'source' 'Ljava/lang/Object;' @12 
 - protected 'id' 'I' @16 
 - protected 'consumed' 'Z' @20 
 - transient 'focusManagerIsDispatching' 'Z' @21 
 - transient 'isPosted' 'Z' @22 
 - private transient 'isSystemGenerated' 'Z' @23 
 - private 'bdata' '[B' @24 
 - private volatile transient 'acc' 'Ljava/security/AccessControlContext;' @28 
 - private 'when' 'J' @32 
 - private volatile 'dispatched' 'Z' @40 
 - protected 'catchExceptions' 'Z' @41 
 - protected 'runnable' 'Ljava/lang/Runnable;' @44 
 - protected volatile 'notifier' 'Ljava/lang/Object;' @48 
 - private final 'listener' 'Ljava/lang/Runnable;' @52 
 - private 'exception' 'Ljava/lang/Exception;' @56 
 - private 'throwable' 'Ljava/lang/Throwable;' @60 
 - private 'flags' 'J' @64 
 - non-static oop maps: 12-12 24-28 44-60 
RCX=0x00000006208721d0 is an oop: sun.awt.AppContext 
{0x00000006208721d0} - klass: 'sun/awt/AppContext'
 - ---- fields (total size 7 words):
 - private final 'table' 'Ljava/util/Map;' @12  a 'java/util/HashMap'{0x0000000620872208} (c410e441)
 - private 'DISPOSAL_TIMEOUT' 'J' @16  5000 (1388 0)
 - private 'THREAD_INTERRUPT_TIMEOUT' 'J' @24  1000 (3e8 0)
 - private final 'threadGroup' 'Ljava/lang/ThreadGroup;' @32  a 'java/lang/ThreadGroup'{0x0000000620c0a2a0} (c4181454)
 - private 'changeSupport' 'Ljava/beans/PropertyChangeSupport;' @36  a 'java/beans/PropertyChangeSupport'{0x00000006206674c0} (c40cce98)
 - private volatile 'state' 'Lsun/awt/AppContext$State;' @40  a 'sun/awt/AppContext$State'{0x00000006208722e8} (c410e45d)
 - private final 'contextClassLoader' 'Ljava/lang/ClassLoader;' @44  a 'jdk/internal/loader/ClassLoaders$AppClassLoader'{0x0000000620c62328} (c418c465)
 - private 'mostRecentKeyValue' 'Lsun/awt/MostRecentKeyValue;' @48  a 'sun/awt/MostRecentKeyValue'{0x000000062088e560} (c4111cac)
 - private 'shadowMostRecentKeyValue' 'Lsun/awt/MostRecentKeyValue;' @52  a 'sun/awt/MostRecentKeyValue'{0x000000062088e548} (c4111ca9)
RDX=0x00000006209a1ae0 is an oop: java.awt.event.InvocationEvent 
{0x00000006209a1ae0} - klass: 'java/awt/event/InvocationEvent'
 - ---- fields (total size 8 words):
 - protected transient 'source' 'Ljava/lang/Object;' @12  a 'sun/awt/windows/WToolkit'{0x00000006208be008} (c4117c01)
 - protected 'id' 'I' @16  1200 (4b0)
 - protected 'consumed' 'Z' @20  false
 - transient 'focusManagerIsDispatching' 'Z' @21  false
 - transient 'isPosted' 'Z' @22  true
 - private transient 'isSystemGenerated' 'Z' @23  true
 - private 'bdata' '[B' @24  NULL (0)
 - private volatile transient 'acc' 'Ljava/security/AccessControlContext;' @28  a 'java/security/AccessControlContext'{0x00000006209a1b20} (c4134364)
 - private 'when' 'J' @32  1673069715740 (8ab9e11c 185)
 - private volatile 'dispatched' 'Z' @40  false
 - protected 'catchExceptions' 'Z' @41  false
 - protected 'runnable' 'Ljava/lang/Runnable;' @44  a 'sun/awt/GlobalCursorManager$NativeUpdater'{0x00000006206a2680} (c40d44d0)
 - protected volatile 'notifier' 'Ljava/lang/Object;' @48  NULL (0)
 - private final 'listener' 'Ljava/lang/Runnable;' @52  NULL (0)
 - private 'exception' 'Ljava/lang/Exception;' @56  NULL (0)
 - private 'throwable' 'Ljava/lang/Throwable;' @60  NULL (0)
RSP=0x0000007508cff1f0 is pointing into the stack for thread: 0x0000018d7c071c20
RBP=0x0000007508cff4b0 is pointing into the stack for thread: 0x0000018d7c071c20
RSI=0x0000008d7743f6d0 is an unknown value
RDI=0x00000000000002f0 is an unknown value
R8 =0x0000000000000001 is an unknown value
R9 =0x0000018d77439048 is pointing into metadata
R10=0x0000000800000000 is pointing into metadata
R11=0x0 is NULL
R12=0x0 is NULL
R13=0x0000018d511cbb94 is at entry_point+3860 in (nmethod*)0x0000018d511ca910
Compiled method (c1)    1264 1401   !   3       java.util.concurrent.locks.AbstractQueuedSynchronizer$ConditionObject::await (183 bytes)
 total in heap  [0x0000018d511ca910,0x0000018d511cca68] = 8536
 relocation     [0x0000018d511caa70,0x0000018d511cac70] = 512
 main code      [0x0000018d511cac80,0x0000018d511cc140] = 5312
 stub code      [0x0000018d511cc140,0x0000018d511cc278] = 312
 metadata       [0x0000018d511cc278,0x0000018d511cc2e8] = 112
 scopes data    [0x0000018d511cc2e8,0x0000018d511cc618] = 816
 scopes pcs     [0x0000018d511cc618,0x0000018d511cc968] = 848
 dependencies   [0x0000018d511cc968,0x0000018d511cc978] = 16
 handler table  [0x0000018d511cc978,0x0000018d511cca30] = 184
 nul chk table  [0x0000018d511cca30,0x0000018d511cca68] = 56
R14=0x0000007508cff260 is pointing into the stack for thread: 0x0000018d7c071c20
R15=0x0000018d7c071c20 is a thread


Top of Stack: (sp=0x0000007508cff1f0)
0x0000007508cff1f0:   0000000000000001 000000062011c4f0
0x0000007508cff200:   0000000000000001 0000000000000000
0x0000007508cff210:   0000000000000000 0000000000000000
0x0000007508cff220:   0000000620b40048 0000000000000000
0x0000007508cff230:   0000018d774a92c8 0000000600000000
0x0000007508cff240:   0000007508cff4b0 0000018d51157f6c
0x0000007508cff250:   0000000620871c48 000000062088e618
0x0000007508cff260:   0000000620b40048 0000018d511cbb94
0x0000007508cff270:   0000000000000000 0000000000000000
0x0000007508cff280:   0000000620872968 00000006209a1ae0
0x0000007508cff290:   000000062088e618 000000062011c528
0x0000007508cff2a0:   0000007508cff4b0 0000018d51146abc
0x0000007508cff2b0:   0000007508cff2e0 0000000000000001
0x0000007508cff2c0:   0000018d77437500 0000000000000003
0x0000007508cff2d0:   0000000000000001 0000007508cff328
0x0000007508cff2e0:   0000007508cff4b0 0000018d511ca57b 

Instructions: (pc=0x0000018d51189a0f)
0x0000018d5118990f:   3b f0 48 b8 d0 f6 43 77 8d 01 00 00 48 be 98 02
0x0000018d5118991f:   00 00 00 00 00 00 0f 85 0a 00 00 00 48 be 88 02
0x0000018d5118992f:   00 00 00 00 00 00 48 8b 3c 30 48 8d 7f 01 48 89
0x0000018d5118993f:   3c 30 0f 85 45 01 00 00 48 3b 02 48 8b c2 48 be
0x0000018d5118994f:   d0 f6 43 77 8d 01 00 00 8b 40 08 49 ba 00 00 00
0x0000018d5118995f:   00 08 00 00 00 49 03 c2 48 3b 86 b8 02 00 00 75
0x0000018d5118996f:   0d 48 83 86 c0 02 00 00 01 e9 66 00 00 00 48 3b
0x0000018d5118997f:   86 c8 02 00 00 75 0d 48 83 86 d0 02 00 00 01 e9
0x0000018d5118998f:   50 00 00 00 48 81 be b8 02 00 00 00 00 00 00 75
0x0000018d5118999f:   17 48 89 86 b8 02 00 00 48 c7 86 c0 02 00 00 01
0x0000018d511899af:   00 00 00 e9 2c 00 00 00 48 81 be c8 02 00 00 00
0x0000018d511899bf:   00 00 00 75 17 48 89 86 c8 02 00 00 48 c7 86 d0
0x0000018d511899cf:   02 00 00 01 00 00 00 e9 08 00 00 00 48 83 86 a8
0x0000018d511899df:   02 00 00 01 8b 42 10 3d 20 03 00 00 48 be d0 f6
0x0000018d511899ef:   43 77 8d 01 00 00 48 bf e0 02 00 00 00 00 00 00
0x0000018d511899ff:   0f 8c 0a 00 00 00 48 bf f0 02 00 00 00 00 00 00
0x0000018d51189a0f:   48 8b 1c 3e 48 8d 5b 01 48 89 1c 3e 0f 8c 3b 00
0x0000018d51189a1f:   00 00 3d 21 03 00 00 48 b8 d0 f6 43 77 8d 01 00
0x0000018d51189a2f:   00 48 be 10 03 00 00 00 00 00 00 0f 8e 0a 00 00
0x0000018d51189a3f:   00 48 be 00 03 00 00 00 00 00 00 48 8b 3c 30 48
0x0000018d51189a4f:   8d 7f 01 48 89 3c 30 0f 8e 18 00 00 00 b8 01 00
0x0000018d51189a5f:   00 00 48 83 c4 50 5d 49 3b a7 78 03 00 00 0f 87
0x0000018d51189a6f:   95 00 00 00 c3 b8 00 00 00 00 48 83 c4 50 5d 49
0x0000018d51189a7f:   3b a7 78 03 00 00 0f 87 93 00 00 00 c3 b8 00 00
0x0000018d51189a8f:   00 00 48 83 c4 50 5d 49 3b a7 78 03 00 00 0f 87
0x0000018d51189a9f:   91 00 00 00 c3 b8 02 00 00 00 48 83 c4 50 5d 49
0x0000018d51189aaf:   3b a7 78 03 00 00 0f 87 8f 00 00 00 c3 b8 03 00
0x0000018d51189abf:   00 00 48 83 c4 50 5d 49 3b a7 78 03 00 00 0f 87
0x0000018d51189acf:   8d 00 00 00 c3 49 ba d8 31 dd 76 8d 01 00 00 4c
0x0000018d51189adf:   89 54 24 08 48 c7 04 24 ff ff ff ff e8 10 6b 44
0x0000018d51189aef:   07 e9 bf fa ff ff 48 89 14 24 e8 22 35 44 07 e8
0x0000018d51189aff:   1d fc 43 07 e8 18 fc 43 07 49 ba 66 9a 18 51 8d 


Stack slot to memory mapping:
stack at sp + 0 slots: 0x0000000000000001 is an unknown value
stack at sp + 1 slots: 0x000000062011c4f0 is an oop: java.util.concurrent.locks.AbstractQueuedSynchronizer$ConditionNode 
{0x000000062011c4f0} - klass: 'java/util/concurrent/locks/AbstractQueuedSynchronizer$ConditionNode'
 - ---- fields (total size 4 words):
 - volatile 'status' 'I' @12  0
 - volatile 'prev' 'Ljava/util/concurrent/locks/AbstractQueuedSynchronizer$Node;' @16  NULL (0)
 - volatile 'next' 'Ljava/util/concurrent/locks/AbstractQueuedSynchronizer$Node;' @20  NULL (0)
 - 'waiter' 'Ljava/lang/Thread;' @24  NULL (0)
 - 'nextWaiter' 'Ljava/util/concurrent/locks/AbstractQueuedSynchronizer$ConditionNode;' @28  NULL (0)
stack at sp + 2 slots: 0x0000000000000001 is an unknown value
stack at sp + 3 slots: 0x0 is NULL
stack at sp + 4 slots: 0x0 is NULL
stack at sp + 5 slots: 0x0 is NULL
stack at sp + 6 slots: 0x0000000620b40048 is an oop: java.awt.EventDispatchThread 
{0x0000000620b40048} - klass: 'java/awt/EventDispatchThread'
 - ---- fields (total size 15 words):
 - 'threadLocalRandomProbe' 'I' @12  0
 - private 'eetop' 'J' @16  1707182857248 (7c071c20 18d)
 - private final 'tid' 'J' @24  27 (1b 0)
 - 'threadLocalRandomSeed' 'J' @32  0 (0 0)
 - abstract internal 'jvmti_thread_state' 'J' @40  0 (0 0)
 - 'threadLocalRandomSecondarySeed' 'I' @48  0
 - abstract internal 'jfr_epoch' 'S' @52  0
 - volatile 'interrupted' 'Z' @54  false
 - private volatile 'name' 'Ljava/lang/String;' @56  "AWT-EventQueue-0"{0x000000062088e440} (c4111c88)
 - private volatile 'contextClassLoader' 'Ljava/lang/ClassLoader;' @60  a 'jdk/internal/loader/ClassLoaders$AppClassLoader'{0x0000000620c62328} (c418c465)
 - private 'inheritedAccessControlContext' 'Ljava/security/AccessControlContext;' @64  a 'java/security/AccessControlContext'{0x0000000620b400f8} (c416801f)
 - private final 'holder' 'Ljava/lang/Thread$FieldHolder;' @68  a 'java/lang/Thread$FieldHolder'{0x0000000620b400d0} (c416801a)
 - 'threadLocals' 'Ljava/lang/ThreadLocal$ThreadLocalMap;' @72  NULL (0)
 - 'inheritableThreadLocals' 'Ljava/lang/ThreadLocal$ThreadLocalMap;' @76  NULL (0)
 - private 'extentLocalBindings' 'Ljava/lang/Object;' @80  NULL (0)
 - final 'interruptLock' 'Ljava/lang/Object;' @84  a 'java/lang/Object'{0x0000000620b400c0} (c4168018)
 - private volatile 'parkBlocker' 'Ljava/lang/Object;' @88  NULL (0)
 - volatile 'nioBlocker' 'Lsun/nio/ch/Interruptible;' @92  NULL (0)
 - private 'cont' 'Ljdk/internal/vm/Continuation;' @96  NULL (0)
 - private volatile 'uncaughtExceptionHandler' 'Ljava/lang/Thread$UncaughtExceptionHandler;' @100  NULL (0)
 - private volatile 'container' 'Ljdk/internal/vm/ThreadContainer;' @104  NULL (0)
 - private volatile 'headStackableScopes' 'Ljdk/internal/vm/StackableScope;' @108  NULL (0)
 - private volatile 'doDispatch' 'Z' @55  true
 - private 'theQueue' 'Ljava/awt/EventQueue;' @112  a 'java/awt/EventQueue'{0x0000000620872968} (c410e52d)
 - private 'eventFilters' 'Ljava/util/ArrayList;' @116  a 'java/util/ArrayList'{0x0000000620b40120} (c4168024)
stack at sp + 7 slots: 0x0 is NULL


Compiled method (c1)    1290 1345       3       java.awt.EventQueue::getPriority (78 bytes)
 total in heap  [0x0000018d51189390,0x0000018d51189ca0] = 2320
 relocation     [0x0000018d511894f0,0x0000018d51189568] = 120
 main code      [0x0000018d51189580,0x0000018d51189ba0] = 1568
 stub code      [0x0000018d51189ba0,0x0000018d51189bd8] = 56
 metadata       [0x0000018d51189bd8,0x0000018d51189bf8] = 32
 scopes data    [0x0000018d51189bf8,0x0000018d51189c20] = 40
 scopes pcs     [0x0000018d51189c20,0x0000018d51189c80] = 96
 dependencies   [0x0000018d51189c80,0x0000018d51189c88] = 8
 nul chk table  [0x0000018d51189c88,0x0000018d51189ca0] = 24

[Constant Pool (empty)]

[MachCode]
[Verified Entry Point]
  # {method} {0x0000018d76dd31e0} 'getPriority' '(Ljava/awt/AWTEvent;)I' in 'java/awt/EventQueue'
  # parm0:    rdx:rdx   = 'java/awt/AWTEvent'
  #           [sp+0x60]  (sp of caller)
  0x0000018d51189580: 8984 2400 | 90ff ff55 | 4883 ec50 

  0x0000018d5118958c: ;   {metadata(method data for {method} {0x0000018d76dd31e0} 'getPriority' '(Ljava/awt/AWTEvent;)I' in 'java/awt/EventQueue')}
  0x0000018d5118958c: 48b8 d0f6 | 4377 8d01 | 0000 8bb0 | cc00 0000 | 83c6 0289 | b0cc 0000 | 0081 e6fe | 0700 0083 
  0x0000018d511895ac: fe00 0f84 | 2005 0000 | 4883 fa00 

  0x0000018d511895b8: ;   {metadata(method data for {method} {0x0000018d76dd31e0} 'getPriority' '(Ljava/awt/AWTEvent;)I' in 'java/awt/EventQueue')}
  0x0000018d511895b8: 7516 48bf | d0f6 4377 | 8d01 0000 | 808f 0901 | 0000 01e9 | d200 0000 

  0x0000018d511895d0: ;   {metadata('sun/awt/PeerEvent')}
  0x0000018d511895d0: 48bb e81d | 0801 0800 | 0000 8b72 | 0849 ba00 | 0000 0008 | 0000 0049 | 03f2 483b | de0f 8593 
  0x0000018d511895f0: ;   {metadata(method data for {method} {0x0000018d76dd31e0} 'getPriority' '(Ljava/awt/AWTEvent;)I' in 'java/awt/EventQueue')}
  0x0000018d511895f0: 0000 0048 | bfd0 f643 | 778d 0100 | 008b 5a08 | 49ba 0000 | 0000 0800 | 0000 4903 | da48 3b9f 
  0x0000018d51189610: 2001 0000 | 750d 4883 | 8728 0100 | 0001 e984 | 0000 0048 | 3b9f 3001 | 0000 750d | 4883 8738 
  0x0000018d51189630: 0100 0001 | e96e 0000 | 0048 81bf | 2001 0000 | 0000 0000 | 7517 4889 | 9f20 0100 | 0048 c787 
  0x0000018d51189650: 2801 0000 | 0100 0000 | e94a 0000 | 0048 81bf | 3001 0000 | 0000 0000 | 7517 4889 | 9f30 0100 
  0x0000018d51189670: 0048 c787 | 3801 0000 | 0100 0000 | e926 0000 | 00e9 2100 

  0x0000018d51189684: ;   {metadata(method data for {method} {0x0000018d76dd31e0} 'getPriority' '(Ljava/awt/AWTEvent;)I' in 'java/awt/EventQueue')}
  0x0000018d51189684: 0000 48bf | d0f6 4377 | 8d01 0000 | 4883 af10 | 0100 0001 | e905 0000 | 00e9 0500 | 0000 4833 
  0x0000018d511896a4: c0eb 0a48 | b801 0000 | 0000 0000 | 0083 f800 

  0x0000018d511896b4: ;   {metadata(method data for {method} {0x0000018d76dd31e0} 'getPriority' '(Ljava/awt/AWTEvent;)I' in 'java/awt/EventQueue')}
  0x0000018d511896b4: 48b8 d0f6 | 4377 8d01 | 0000 48be | 4801 0000 | 0000 0000 | 0f84 0a00 | 0000 48be | 5801 0000 
  0x0000018d511896d4: 0000 0000 | 488b 3c30 | 488d 7f01 | 4889 3c30 | 0f84 5d02 | 0000 4883 | fa00 7516 

  0x0000018d511896f0: ;   {metadata(method data for {method} {0x0000018d76dd31e0} 'getPriority' '(Ljava/awt/AWTEvent;)I' in 'java/awt/EventQueue')}
  0x0000018d511896f0: 48bf d0f6 | 4377 8d01 | 0000 808f | 6101 0000 | 01e9 d200 

  0x0000018d51189704: ;   {metadata('sun/awt/PeerEvent')}
  0x0000018d51189704: 0000 48bb | e81d 0801 | 0800 0000 | 8b72 0849 | ba00 0000 | 0008 0000 | 0049 03f2 | 483b de0f 
  0x0000018d51189724: 8593 0000 

  0x0000018d51189728: ;   {metadata(method data for {method} {0x0000018d76dd31e0} 'getPriority' '(Ljava/awt/AWTEvent;)I' in 'java/awt/EventQueue')}
  0x0000018d51189728: 0048 bfd0 | f643 778d | 0100 008b | 5a08 49ba | 0000 0000 | 0800 0000 | 4903 da48 | 3b9f 7801 
  0x0000018d51189748: 0000 750d | 4883 8780 | 0100 0001 | e97f 0000 | 0048 3b9f | 8801 0000 | 750d 4883 | 8790 0100 
  0x0000018d51189768: 0001 e969 | 0000 0048 | 81bf 7801 | 0000 0000 | 0000 7517 | 4889 9f78 | 0100 0048 | c787 8001 
  0x0000018d51189788: 0000 0100 | 0000 e945 | 0000 0048 | 81bf 8801 | 0000 0000 | 0000 7517 | 4889 9f88 | 0100 0048 
  0x0000018d511897a8: c787 9001 | 0000 0100 | 0000 e921 | 0000 00e9 | 1c00 0000 

  0x0000018d511897bc: ;   {metadata(method data for {method} {0x0000018d76dd31e0} 'getPriority' '(Ljava/awt/AWTEvent;)I' in 'java/awt/EventQueue')}
  0x0000018d511897bc: 48bf d0f6 | 4377 8d01 | 0000 4883 | af68 0100 | 0001 e922 | 0300 00e9 | 0000 0000 | 488b c248 
  0x0000018d511897dc: 3b00 488b 

  0x0000018d511897e0: ;   {metadata(method data for {method} {0x0000018d76dd31e0} 'getPriority' '(Ljava/awt/AWTEvent;)I' in 'java/awt/EventQueue')}
  0x0000018d511897e0: f048 bfd0 | f643 778d 

  0x0000018d511897e8: ;   {metadata('sun/awt/PeerEvent')}
  0x0000018d511897e8: 0100 0049 | bae8 1d08 | 0108 0000 | 004c 8997 | b001 0000 | 4883 87b8 | 0100 0001 | 488b 7040 
  0x0000018d51189808: 488b fe49 | ba02 0000 | 0000 0000 | 0049 23fa | 48bb 0000 | 0000 0000 | 0000 483b 

  0x0000018d51189824: ;   {metadata(method data for {method} {0x0000018d76dd31e0} 'getPriority' '(Ljava/awt/AWTEvent;)I' in 'java/awt/EventQueue')}
  0x0000018d51189824: fb48 bfd0 | f643 778d | 0100 0048 | bbe8 0100 | 0000 0000 | 000f 850a | 0000 0048 | bbd8 0100 
  0x0000018d51189844: 0000 0000 | 0048 8b0c | 1f48 8d49 | 0148 890c | 1f0f 8561 | 0200 0048 

  0x0000018d5118985c: ;   {metadata(method data for {method} {0x0000018d76dd31e0} 'getPriority' '(Ljava/awt/AWTEvent;)I' in 'java/awt/EventQueue')}
  0x0000018d5118985c: 8bf8 48bb | d0f6 4377 | 8d01 0000 

  0x0000018d51189868: ;   {metadata('sun/awt/PeerEvent')}
  0x0000018d51189868: 49ba e81d | 0801 0800 | 0000 4c89 | 9308 0200 | 0048 8383 | 1002 0000 | 0148 8bfe | 49ba 0100 
  0x0000018d51189888: 0000 0000 | 0000 4923 | fa48 bb00 | 0000 0000 | 0000 0048 

  0x0000018d5118989c: ;   {metadata(method data for {method} {0x0000018d76dd31e0} 'getPriority' '(Ljava/awt/AWTEvent;)I' in 'java/awt/EventQueue')}
  0x0000018d5118989c: 3bfb 48bf | d0f6 4377 | 8d01 0000 | 48bb 4002 | 0000 0000 | 0000 0f85 | 0a00 0000 | 48bb 3002 
  0x0000018d511898bc: 0000 0000 | 0000 488b | 0c1f 488d | 4901 4889 | 0c1f 0f85 | d001 0000 

  0x0000018d511898d4: ;   {metadata(method data for {method} {0x0000018d76dd31e0} 'getPriority' '(Ljava/awt/AWTEvent;)I' in 'java/awt/EventQueue')}
  0x0000018d511898d4: 48bf d0f6 | 4377 8d01 

  0x0000018d511898dc: ;   {metadata('sun/awt/PeerEvent')}
  0x0000018d511898dc: 0000 49ba | e81d 0801 | 0800 0000 | 4c89 9760 | 0200 0048 | 8387 6802 | 0000 0149 | ba04 0000 
  0x0000018d511898fc: 0000 0000 | 0049 23f2 | 48b8 0000 | 0000 0000 | 0000 483b 

  0x0000018d51189910: ;   {metadata(method data for {method} {0x0000018d76dd31e0} 'getPriority' '(Ljava/awt/AWTEvent;)I' in 'java/awt/EventQueue')}
  0x0000018d51189910: f048 b8d0 | f643 778d | 0100 0048 | be98 0200 | 0000 0000 | 000f 850a | 0000 0048 | be88 0200 
  0x0000018d51189930: 0000 0000 | 0048 8b3c | 3048 8d7f | 0148 893c | 300f 8545 | 0100 0048 | 3b02 488b 

  0x0000018d5118994c: ;   {metadata(method data for {method} {0x0000018d76dd31e0} 'getPriority' '(Ljava/awt/AWTEvent;)I' in 'java/awt/EventQueue')}
  0x0000018d5118994c: c248 bed0 | f643 778d | 0100 008b | 4008 49ba | 0000 0000 | 0800 0000 | 4903 c248 | 3b86 b802 
  0x0000018d5118996c: 0000 750d | 4883 86c0 | 0200 0001 | e966 0000 | 0048 3b86 | c802 0000 | 750d 4883 | 86d0 0200 
  0x0000018d5118998c: 0001 e950 | 0000 0048 | 81be b802 | 0000 0000 | 0000 7517 | 4889 86b8 | 0200 0048 | c786 c002 
  0x0000018d511899ac: 0000 0100 | 0000 e92c | 0000 0048 | 81be c802 | 0000 0000 | 0000 7517 | 4889 86c8 | 0200 0048 
  0x0000018d511899cc: c786 d002 | 0000 0100 | 0000 e908 | 0000 0048 | 8386 a802 | 0000 018b | 4210 3d20 

  0x0000018d511899e8: ;   {metadata(method data for {method} {0x0000018d76dd31e0} 'getPriority' '(Ljava/awt/AWTEvent;)I' in 'java/awt/EventQueue')}
  0x0000018d511899e8: 0300 0048 | bed0 f643 | 778d 0100 | 0048 bfe0 | 0200 0000 | 0000 000f | 8c0a 0000 | 0048 bff0 
  0x0000018d51189a08: 0200 0000 | 0000 0048 | 8b1c 3e48 | 8d5b 0148 | 891c 3e0f | 8c3b 0000 | 003d 2103 

  0x0000018d51189a24: ;   {metadata(method data for {method} {0x0000018d76dd31e0} 'getPriority' '(Ljava/awt/AWTEvent;)I' in 'java/awt/EventQueue')}
  0x0000018d51189a24: 0000 48b8 | d0f6 4377 | 8d01 0000 | 48be 1003 | 0000 0000 | 0000 0f8e | 0a00 0000 | 48be 0003 
  0x0000018d51189a44: 0000 0000 | 0000 488b | 3c30 488d | 7f01 4889 | 3c30 0f8e | 1800 0000 | b801 0000 | 0048 83c4 
  0x0000018d51189a64: ;   {poll_return}
  0x0000018d51189a64: 505d 493b | a778 0300 | 000f 8795 | 0000 00c3 | b800 0000 | 0048 83c4 

  0x0000018d51189a7c: ;   {poll_return}
  0x0000018d51189a7c: 505d 493b | a778 0300 | 000f 8793 | 0000 00c3 | b800 0000 | 0048 83c4 

  0x0000018d51189a94: ;   {poll_return}
  0x0000018d51189a94: 505d 493b | a778 0300 | 000f 8791 | 0000 00c3 | b802 0000 | 0048 83c4 

  0x0000018d51189aac: ;   {poll_return}
  0x0000018d51189aac: 505d 493b | a778 0300 | 000f 878f | 0000 00c3 | b803 0000 | 0048 83c4 

  0x0000018d51189ac4: ;   {poll_return}
  0x0000018d51189ac4: 505d 493b | a778 0300 | 000f 878d | 0000 00c3 

  0x0000018d51189ad4: ;   {metadata({method} {0x0000018d76dd31e0} 'getPriority' '(Ljava/awt/AWTEvent;)I' in 'java/awt/EventQueue')}
  0x0000018d51189ad4: 49ba d831 | dd76 8d01 | 0000 4c89 | 5424 0848 | c704 24ff 

  0x0000018d51189ae8: ;   {runtime_call counter_overflow Runtime1 stub}
  0x0000018d51189ae8: ffff ffe8 

  0x0000018d51189aec: ; ImmutableOopMap {rdx=Oop }
                      ;*synchronization entry
                      ; - java.awt.EventQueue::getPriority@-1 (line 308)
  0x0000018d51189aec: 106b 4407 | e9bf faff | ff48 8914 

  0x0000018d51189af8: ;   {runtime_call throw_class_cast_exception Runtime1 stub}
  0x0000018d51189af8: 24e8 2235 

  0x0000018d51189afc: ; ImmutableOopMap {rdx=Oop }
                      ;*checkcast {reexecute=0 rethrow=0 return_oop=0}
                      ; - java.awt.EventQueue::getPriority@8 (line 309)
                      ;   {runtime_call throw_null_pointer_exception Runtime1 stub}
  0x0000018d51189afc: 4407 e81d 

  0x0000018d51189b00: ; ImmutableOopMap {rdx=Oop rax=Oop }
                      ;*invokevirtual getFlags {reexecute=0 rethrow=0 return_oop=0}
                      ; - java.awt.EventQueue::getPriority@13 (line 310)
                      ;   {runtime_call throw_null_pointer_exception Runtime1 stub}
  0x0000018d51189b00: fc43 07e8 

  0x0000018d51189b04: ; ImmutableOopMap {rdx=Oop }
                      ;*invokevirtual getID {reexecute=0 rethrow=0 return_oop=0}
                      ; - java.awt.EventQueue::getPriority@56 (line 320)
  0x0000018d51189b04: 18fc 4307 

  0x0000018d51189b08: ;   {internal_word}
  0x0000018d51189b08: 49ba 669a | 1851 8d01 | 0000 4d89 | 9790 0300 

  0x0000018d51189b18: ;   {runtime_call SafepointBlob}
  0x0000018d51189b18: 00e9 e2e2 

  0x0000018d51189b1c: ;   {internal_word}
  0x0000018d51189b1c: 3907 49ba | 7e9a 1851 | 8d01 0000 | 4d89 9790 

  0x0000018d51189b2c: ;   {runtime_call SafepointBlob}
  0x0000018d51189b2c: 0300 00e9 | cce2 3907 

  0x0000018d51189b34: ;   {internal_word}
  0x0000018d51189b34: 49ba 969a | 1851 8d01 | 0000 4d89 | 9790 0300 

  0x0000018d51189b44: ;   {runtime_call SafepointBlob}
  0x0000018d51189b44: 00e9 b6e2 

  0x0000018d51189b48: ;   {internal_word}
  0x0000018d51189b48: 3907 49ba | ae9a 1851 | 8d01 0000 | 4d89 9790 

  0x0000018d51189b58: ;   {runtime_call SafepointBlob}
  0x0000018d51189b58: 0300 00e9 | a0e2 3907 

  0x0000018d51189b60: ;   {internal_word}
  0x0000018d51189b60: 49ba c69a | 1851 8d01 | 0000 4d89 | 9790 0300 

  0x0000018d51189b70: ;   {runtime_call SafepointBlob}
  0x0000018d51189b70: 00e9 8ae2 | 3907 498b | 8720 0400 | 0049 c787 | 2004 0000 | 0000 0000 | 49c7 8728 | 0400 0000 
  0x0000018d51189b90: 0000 0048 | 83c4 505d 

  0x0000018d51189b98: ;   {runtime_call unwind_exception Runtime1 stub}
  0x0000018d51189b98: e9e3 1b3b | 07f4 f4f4 
[Exception Handler]
  0x0000018d51189ba0: ;   {no_reloc}
  0x0000018d51189ba0: e85b 2844 

  0x0000018d51189ba4: ;   {external_word}
  0x0000018d51189ba4: 0748 b928 | 493d 9cff | 7f00 0048 

  0x0000018d51189bb0: ;   {runtime_call}
  0x0000018d51189bb0: 83e4 f049 | ba00 fe08 | 9cff 7f00 | 0041 ffd2 

  0x0000018d51189bc0: ;   {section_word}
  0x0000018d51189bc0: f449 bac1 | 9b18 518d | 0100 0041 

  0x0000018d51189bcc: ;   {runtime_call DeoptimizationBlob}
  0x0000018d51189bcc: 52e9 ced4 | 3907 f4f4 | f4f4 f4f4 
[/MachCode]


---------------  P R O C E S S  ---------------

Threads class SMR info:
_java_thread_list=0x0000018d7ea38d80, length=19, elements={
0x0000018d7614f100, 0x0000018d76150090, 0x0000018d76157420, 0x0000018d76157d50,
0x0000018d76158820, 0x0000018d76159490, 0x0000018d7ac083c0, 0x0000018d7615e410,
0x0000018d7ac11d50, 0x0000018d76122bc0, 0x0000018d7adc3a70, 0x0000018d7adc3fb0,
0x0000018d7afc6700, 0x0000018d7afc8710, 0x0000018d7afcad10, 0x0000018d7c071c20,
0x0000018d4787e220, 0x0000018d7ea54fe0, 0x0000018d7eace980
}

Java Threads: ( => current thread )
  0x0000018d7614f100 JavaThread "Reference Handler" daemon [_thread_blocked, id=21652, stack(0x0000007507c00000,0x0000007507d00000)]
  0x0000018d76150090 JavaThread "Finalizer" daemon [_thread_blocked, id=24220, stack(0x0000007507d00000,0x0000007507e00000)]
  0x0000018d76157420 JavaThread "Signal Dispatcher" daemon [_thread_blocked, id=12400, stack(0x0000007507e00000,0x0000007507f00000)]
  0x0000018d76157d50 JavaThread "Attach Listener" daemon [_thread_blocked, id=8312, stack(0x0000007507f00000,0x0000007508000000)]
  0x0000018d76158820 JavaThread "Service Thread" daemon [_thread_blocked, id=10188, stack(0x0000007508000000,0x0000007508100000)]
  0x0000018d76159490 JavaThread "Monitor Deflation Thread" daemon [_thread_blocked, id=24360, stack(0x0000007508100000,0x0000007508200000)]
  0x0000018d7ac083c0 JavaThread "C2 CompilerThread0" daemon [_thread_blocked, id=7652, stack(0x0000007508200000,0x0000007508300000)]
  0x0000018d7615e410 JavaThread "C1 CompilerThread0" daemon [_thread_blocked, id=24128, stack(0x0000007508300000,0x0000007508400000)]
  0x0000018d7ac11d50 JavaThread "Sweeper thread" daemon [_thread_blocked, id=12992, stack(0x0000007508400000,0x0000007508500000)]
  0x0000018d76122bc0 JavaThread "Common-Cleaner" daemon [_thread_blocked, id=5592, stack(0x0000007508500000,0x0000007508600000)]
  0x0000018d7adc3a70 JavaThread "Monitor Ctrl-Break" daemon [_thread_in_native, id=20828, stack(0x0000007508600000,0x0000007508700000)]
  0x0000018d7adc3fb0 JavaThread "Notification Thread" daemon [_thread_blocked, id=19740, stack(0x0000007508700000,0x0000007508800000)]
  0x0000018d7afc6700 JavaThread "Java2D Disposer" daemon [_thread_blocked, id=14456, stack(0x0000007508900000,0x0000007508a00000)]
  0x0000018d7afc8710 JavaThread "AWT-Shutdown" [_thread_blocked, id=25472, stack(0x0000007508a00000,0x0000007508b00000)]
  0x0000018d7afcad10 JavaThread "AWT-Windows" daemon [_thread_blocked, id=10336, stack(0x0000007508b00000,0x0000007508c00000)]
=>0x0000018d7c071c20 JavaThread "AWT-EventQueue-0" [_thread_in_Java, id=23476, stack(0x0000007508c00000,0x0000007508d00000)]
  0x0000018d4787e220 JavaThread "DestroyJavaVM" [_thread_blocked, id=3768, stack(0x0000007507500000,0x0000007507600000)]
  0x0000018d7ea54fe0 JavaThread "D3D Screen Updater" daemon [_thread_blocked, id=12380, stack(0x0000007509310000,0x0000007509410000)]
  0x0000018d7eace980 JavaThread "C2 CompilerThread1" daemon [_thread_blocked, id=25412, stack(0x0000007508f10000,0x0000007509010000)]

Other Threads:
  0x0000018d76132cc0 VMThread "VM Thread" [stack: 0x0000007507b00000,0x0000007507c00000] [id=25260]
  0x0000018d4787f240 WatcherThread "VM Periodic Task Thread" [stack: 0x0000007508800000,0x0000007508900000] [id=24168]
  0x0000018d4792e330 WorkerThread "GC Thread#0" [stack: 0x0000007507600000,0x0000007507700000] [id=23268]
  0x0000018d47940220 ConcurrentGCThread "G1 Main Marker" [stack: 0x0000007507700000,0x0000007507800000] [id=24176]
  0x0000018d47940df0 WorkerThread "G1 Conc#0" [stack: 0x0000007507800000,0x0000007507900000] [id=23528]
  0x0000018d75fed6b0 ConcurrentGCThread "G1 Refine#0" [stack: 0x0000007507900000,0x0000007507a00000] [id=6520]
  0x0000018d75fee1f0 ConcurrentGCThread "G1 Service" [stack: 0x0000007507a00000,0x0000007507b00000] [id=22840]

Threads with active compile tasks:

VM state: not at safepoint (normal execution)

VM Mutex/Monitor currently owned by a thread: None

Heap address: 0x0000000601000000, size: 8176 MB, Compressed Oops mode: Zero based, Oop shift amount: 3

CDS archive(s) mapped at: [0x0000000800000000-0x0000000800c40000-0x0000000800c40000), size 12845056, SharedBaseAddress: 0x0000000800000000, ArchiveRelocationMode: 0.
Compressed class space mapped at: 0x0000000801000000-0x0000000841000000, reserved size: 1073741824
Narrow klass base: 0x0000000800000000, Narrow klass shift: 0, Narrow klass range: 0x100000000

GC Precious Log:
 CardTable entry size: 512
 Card Set container configuration: InlinePtr #cards 4 size 8 Array Of Cards #cards 16 size 48 Howl #buckets 8 coarsen threshold 7372 Howl Bitmap #cards 1024 size 144 coarsen threshold 921 Card regions per heap region 1 cards per card region 8192
 CPUs: 12 total, 12 available
 Memory: 32703M
 Large Page Support: Disabled
 NUMA Support: Disabled
 Compressed Oops: Enabled (Zero based)
 Heap Region Size: 4M
 Heap Min Capacity: 8M
 Heap Initial Capacity: 512M
 Heap Max Capacity: 8176M
 Pre-touch: Disabled
 Parallel Workers: 10
 Concurrent Workers: 3
 Concurrent Refinement Workers: 10
 Periodic GC: Disabled

Heap:
 garbage-first heap   total 524288K, used 12288K [0x0000000601000000, 0x0000000800000000)
  region size 4096K, 4 young (16384K), 0 survivors (0K)
 Metaspace       used 9882K, committed 10112K, reserved 1114112K
  class space    used 1081K, committed 1152K, reserved 1048576K

Heap Regions: E=young(eden), S=young(survivor), O=old, HS=humongous(starts), HC=humongous(continues), CS=collection set, F=free, OA=open archive, CA=closed archive, TAMS=top-at-mark-start (previous, next)
|   0|0x0000000601000000, 0x0000000601000000, 0x0000000601400000|  0%| F|  |TAMS 0x0000000601000000, 0x0000000601000000| Untracked 
|   1|0x0000000601400000, 0x0000000601400000, 0x0000000601800000|  0%| F|  |TAMS 0x0000000601400000, 0x0000000601400000| Untracked 
|   2|0x0000000601800000, 0x0000000601800000, 0x0000000601c00000|  0%| F|  |TAMS 0x0000000601800000, 0x0000000601800000| Untracked 
|   3|0x0000000601c00000, 0x0000000601c00000, 0x0000000602000000|  0%| F|  |TAMS 0x0000000601c00000, 0x0000000601c00000| Untracked 
|   4|0x0000000602000000, 0x0000000602000000, 0x0000000602400000|  0%| F|  |TAMS 0x0000000602000000, 0x0000000602000000| Untracked 
|   5|0x0000000602400000, 0x0000000602400000, 0x0000000602800000|  0%| F|  |TAMS 0x0000000602400000, 0x0000000602400000| Untracked 
|   6|0x0000000602800000, 0x0000000602800000, 0x0000000602c00000|  0%| F|  |TAMS 0x0000000602800000, 0x0000000602800000| Untracked 
|   7|0x0000000602c00000, 0x0000000602c00000, 0x0000000603000000|  0%| F|  |TAMS 0x0000000602c00000, 0x0000000602c00000| Untracked 
|   8|0x0000000603000000, 0x0000000603000000, 0x0000000603400000|  0%| F|  |TAMS 0x0000000603000000, 0x0000000603000000| Untracked 
|   9|0x0000000603400000, 0x0000000603400000, 0x0000000603800000|  0%| F|  |TAMS 0x0000000603400000, 0x0000000603400000| Untracked 
|  10|0x0000000603800000, 0x0000000603800000, 0x0000000603c00000|  0%| F|  |TAMS 0x0000000603800000, 0x0000000603800000| Untracked 
|  11|0x0000000603c00000, 0x0000000603c00000, 0x0000000604000000|  0%| F|  |TAMS 0x0000000603c00000, 0x0000000603c00000| Untracked 
|  12|0x0000000604000000, 0x0000000604000000, 0x0000000604400000|  0%| F|  |TAMS 0x0000000604000000, 0x0000000604000000| Untracked 
|  13|0x0000000604400000, 0x0000000604400000, 0x0000000604800000|  0%| F|  |TAMS 0x0000000604400000, 0x0000000604400000| Untracked 
|  14|0x0000000604800000, 0x0000000604800000, 0x0000000604c00000|  0%| F|  |TAMS 0x0000000604800000, 0x0000000604800000| Untracked 
|  15|0x0000000604c00000, 0x0000000604c00000, 0x0000000605000000|  0%| F|  |TAMS 0x0000000604c00000, 0x0000000604c00000| Untracked 
|  16|0x0000000605000000, 0x0000000605000000, 0x0000000605400000|  0%| F|  |TAMS 0x0000000605000000, 0x0000000605000000| Untracked 
|  17|0x0000000605400000, 0x0000000605400000, 0x0000000605800000|  0%| F|  |TAMS 0x0000000605400000, 0x0000000605400000| Untracked 
|  18|0x0000000605800000, 0x0000000605800000, 0x0000000605c00000|  0%| F|  |TAMS 0x0000000605800000, 0x0000000605800000| Untracked 
|  19|0x0000000605c00000, 0x0000000605c00000, 0x0000000606000000|  0%| F|  |TAMS 0x0000000605c00000, 0x0000000605c00000| Untracked 
|  20|0x0000000606000000, 0x0000000606000000, 0x0000000606400000|  0%| F|  |TAMS 0x0000000606000000, 0x0000000606000000| Untracked 
|  21|0x0000000606400000, 0x0000000606400000, 0x0000000606800000|  0%| F|  |TAMS 0x0000000606400000, 0x0000000606400000| Untracked 
|  22|0x0000000606800000, 0x0000000606800000, 0x0000000606c00000|  0%| F|  |TAMS 0x0000000606800000, 0x0000000606800000| Untracked 
|  23|0x0000000606c00000, 0x0000000606c00000, 0x0000000607000000|  0%| F|  |TAMS 0x0000000606c00000, 0x0000000606c00000| Untracked 
|  24|0x0000000607000000, 0x0000000607000000, 0x0000000607400000|  0%| F|  |TAMS 0x0000000607000000, 0x0000000607000000| Untracked 
|  25|0x0000000607400000, 0x0000000607400000, 0x0000000607800000|  0%| F|  |TAMS 0x0000000607400000, 0x0000000607400000| Untracked 
|  26|0x0000000607800000, 0x0000000607800000, 0x0000000607c00000|  0%| F|  |TAMS 0x0000000607800000, 0x0000000607800000| Untracked 
|  27|0x0000000607c00000, 0x0000000607c00000, 0x0000000608000000|  0%| F|  |TAMS 0x0000000607c00000, 0x0000000607c00000| Untracked 
|  28|0x0000000608000000, 0x0000000608000000, 0x0000000608400000|  0%| F|  |TAMS 0x0000000608000000, 0x0000000608000000| Untracked 
|  29|0x0000000608400000, 0x0000000608400000, 0x0000000608800000|  0%| F|  |TAMS 0x0000000608400000, 0x0000000608400000| Untracked 
|  30|0x0000000608800000, 0x0000000608800000, 0x0000000608c00000|  0%| F|  |TAMS 0x0000000608800000, 0x0000000608800000| Untracked 
|  31|0x0000000608c00000, 0x0000000608c00000, 0x0000000609000000|  0%| F|  |TAMS 0x0000000608c00000, 0x0000000608c00000| Untracked 
|  32|0x0000000609000000, 0x0000000609000000, 0x0000000609400000|  0%| F|  |TAMS 0x0000000609000000, 0x0000000609000000| Untracked 
|  33|0x0000000609400000, 0x0000000609400000, 0x0000000609800000|  0%| F|  |TAMS 0x0000000609400000, 0x0000000609400000| Untracked 
|  34|0x0000000609800000, 0x0000000609800000, 0x0000000609c00000|  0%| F|  |TAMS 0x0000000609800000, 0x0000000609800000| Untracked 
|  35|0x0000000609c00000, 0x0000000609c00000, 0x000000060a000000|  0%| F|  |TAMS 0x0000000609c00000, 0x0000000609c00000| Untracked 
|  36|0x000000060a000000, 0x000000060a000000, 0x000000060a400000|  0%| F|  |TAMS 0x000000060a000000, 0x000000060a000000| Untracked 
|  37|0x000000060a400000, 0x000000060a400000, 0x000000060a800000|  0%| F|  |TAMS 0x000000060a400000, 0x000000060a400000| Untracked 
|  38|0x000000060a800000, 0x000000060a800000, 0x000000060ac00000|  0%| F|  |TAMS 0x000000060a800000, 0x000000060a800000| Untracked 
|  39|0x000000060ac00000, 0x000000060ac00000, 0x000000060b000000|  0%| F|  |TAMS 0x000000060ac00000, 0x000000060ac00000| Untracked 
|  40|0x000000060b000000, 0x000000060b000000, 0x000000060b400000|  0%| F|  |TAMS 0x000000060b000000, 0x000000060b000000| Untracked 
|  41|0x000000060b400000, 0x000000060b400000, 0x000000060b800000|  0%| F|  |TAMS 0x000000060b400000, 0x000000060b400000| Untracked 
|  42|0x000000060b800000, 0x000000060b800000, 0x000000060bc00000|  0%| F|  |TAMS 0x000000060b800000, 0x000000060b800000| Untracked 
|  43|0x000000060bc00000, 0x000000060bc00000, 0x000000060c000000|  0%| F|  |TAMS 0x000000060bc00000, 0x000000060bc00000| Untracked 
|  44|0x000000060c000000, 0x000000060c000000, 0x000000060c400000|  0%| F|  |TAMS 0x000000060c000000, 0x000000060c000000| Untracked 
|  45|0x000000060c400000, 0x000000060c400000, 0x000000060c800000|  0%| F|  |TAMS 0x000000060c400000, 0x000000060c400000| Untracked 
|  46|0x000000060c800000, 0x000000060c800000, 0x000000060cc00000|  0%| F|  |TAMS 0x000000060c800000, 0x000000060c800000| Untracked 
|  47|0x000000060cc00000, 0x000000060cc00000, 0x000000060d000000|  0%| F|  |TAMS 0x000000060cc00000, 0x000000060cc00000| Untracked 
|  48|0x000000060d000000, 0x000000060d000000, 0x000000060d400000|  0%| F|  |TAMS 0x000000060d000000, 0x000000060d000000| Untracked 
|  49|0x000000060d400000, 0x000000060d400000, 0x000000060d800000|  0%| F|  |TAMS 0x000000060d400000, 0x000000060d400000| Untracked 
|  50|0x000000060d800000, 0x000000060d800000, 0x000000060dc00000|  0%| F|  |TAMS 0x000000060d800000, 0x000000060d800000| Untracked 
|  51|0x000000060dc00000, 0x000000060dc00000, 0x000000060e000000|  0%| F|  |TAMS 0x000000060dc00000, 0x000000060dc00000| Untracked 
|  52|0x000000060e000000, 0x000000060e000000, 0x000000060e400000|  0%| F|  |TAMS 0x000000060e000000, 0x000000060e000000| Untracked 
|  53|0x000000060e400000, 0x000000060e400000, 0x000000060e800000|  0%| F|  |TAMS 0x000000060e400000, 0x000000060e400000| Untracked 
|  54|0x000000060e800000, 0x000000060e800000, 0x000000060ec00000|  0%| F|  |TAMS 0x000000060e800000, 0x000000060e800000| Untracked 
|  55|0x000000060ec00000, 0x000000060ec00000, 0x000000060f000000|  0%| F|  |TAMS 0x000000060ec00000, 0x000000060ec00000| Untracked 
|  56|0x000000060f000000, 0x000000060f000000, 0x000000060f400000|  0%| F|  |TAMS 0x000000060f000000, 0x000000060f000000| Untracked 
|  57|0x000000060f400000, 0x000000060f400000, 0x000000060f800000|  0%| F|  |TAMS 0x000000060f400000, 0x000000060f400000| Untracked 
|  58|0x000000060f800000, 0x000000060f800000, 0x000000060fc00000|  0%| F|  |TAMS 0x000000060f800000, 0x000000060f800000| Untracked 
|  59|0x000000060fc00000, 0x000000060fc00000, 0x0000000610000000|  0%| F|  |TAMS 0x000000060fc00000, 0x000000060fc00000| Untracked 
|  60|0x0000000610000000, 0x0000000610000000, 0x0000000610400000|  0%| F|  |TAMS 0x0000000610000000, 0x0000000610000000| Untracked 
|  61|0x0000000610400000, 0x0000000610400000, 0x0000000610800000|  0%| F|  |TAMS 0x0000000610400000, 0x0000000610400000| Untracked 
|  62|0x0000000610800000, 0x0000000610800000, 0x0000000610c00000|  0%| F|  |TAMS 0x0000000610800000, 0x0000000610800000| Untracked 
|  63|0x0000000610c00000, 0x0000000610c00000, 0x0000000611000000|  0%| F|  |TAMS 0x0000000610c00000, 0x0000000610c00000| Untracked 
|  64|0x0000000611000000, 0x0000000611000000, 0x0000000611400000|  0%| F|  |TAMS 0x0000000611000000, 0x0000000611000000| Untracked 
|  65|0x0000000611400000, 0x0000000611400000, 0x0000000611800000|  0%| F|  |TAMS 0x0000000611400000, 0x0000000611400000| Untracked 
|  66|0x0000000611800000, 0x0000000611800000, 0x0000000611c00000|  0%| F|  |TAMS 0x0000000611800000, 0x0000000611800000| Untracked 
|  67|0x0000000611c00000, 0x0000000611c00000, 0x0000000612000000|  0%| F|  |TAMS 0x0000000611c00000, 0x0000000611c00000| Untracked 
|  68|0x0000000612000000, 0x0000000612000000, 0x0000000612400000|  0%| F|  |TAMS 0x0000000612000000, 0x0000000612000000| Untracked 
|  69|0x0000000612400000, 0x0000000612400000, 0x0000000612800000|  0%| F|  |TAMS 0x0000000612400000, 0x0000000612400000| Untracked 
|  70|0x0000000612800000, 0x0000000612800000, 0x0000000612c00000|  0%| F|  |TAMS 0x0000000612800000, 0x0000000612800000| Untracked 
|  71|0x0000000612c00000, 0x0000000612c00000, 0x0000000613000000|  0%| F|  |TAMS 0x0000000612c00000, 0x0000000612c00000| Untracked 
|  72|0x0000000613000000, 0x0000000613000000, 0x0000000613400000|  0%| F|  |TAMS 0x0000000613000000, 0x0000000613000000| Untracked 
|  73|0x0000000613400000, 0x0000000613400000, 0x0000000613800000|  0%| F|  |TAMS 0x0000000613400000, 0x0000000613400000| Untracked 
|  74|0x0000000613800000, 0x0000000613800000, 0x0000000613c00000|  0%| F|  |TAMS 0x0000000613800000, 0x0000000613800000| Untracked 
|  75|0x0000000613c00000, 0x0000000613c00000, 0x0000000614000000|  0%| F|  |TAMS 0x0000000613c00000, 0x0000000613c00000| Untracked 
|  76|0x0000000614000000, 0x0000000614000000, 0x0000000614400000|  0%| F|  |TAMS 0x0000000614000000, 0x0000000614000000| Untracked 
|  77|0x0000000614400000, 0x0000000614400000, 0x0000000614800000|  0%| F|  |TAMS 0x0000000614400000, 0x0000000614400000| Untracked 
|  78|0x0000000614800000, 0x0000000614800000, 0x0000000614c00000|  0%| F|  |TAMS 0x0000000614800000, 0x0000000614800000| Untracked 
|  79|0x0000000614c00000, 0x0000000614c00000, 0x0000000615000000|  0%| F|  |TAMS 0x0000000614c00000, 0x0000000614c00000| Untracked 
|  80|0x0000000615000000, 0x0000000615000000, 0x0000000615400000|  0%| F|  |TAMS 0x0000000615000000, 0x0000000615000000| Untracked 
|  81|0x0000000615400000, 0x0000000615400000, 0x0000000615800000|  0%| F|  |TAMS 0x0000000615400000, 0x0000000615400000| Untracked 
|  82|0x0000000615800000, 0x0000000615800000, 0x0000000615c00000|  0%| F|  |TAMS 0x0000000615800000, 0x0000000615800000| Untracked 
|  83|0x0000000615c00000, 0x0000000615c00000, 0x0000000616000000|  0%| F|  |TAMS 0x0000000615c00000, 0x0000000615c00000| Untracked 
|  84|0x0000000616000000, 0x0000000616000000, 0x0000000616400000|  0%| F|  |TAMS 0x0000000616000000, 0x0000000616000000| Untracked 
|  85|0x0000000616400000, 0x0000000616400000, 0x0000000616800000|  0%| F|  |TAMS 0x0000000616400000, 0x0000000616400000| Untracked 
|  86|0x0000000616800000, 0x0000000616800000, 0x0000000616c00000|  0%| F|  |TAMS 0x0000000616800000, 0x0000000616800000| Untracked 
|  87|0x0000000616c00000, 0x0000000616c00000, 0x0000000617000000|  0%| F|  |TAMS 0x0000000616c00000, 0x0000000616c00000| Untracked 
|  88|0x0000000617000000, 0x0000000617000000, 0x0000000617400000|  0%| F|  |TAMS 0x0000000617000000, 0x0000000617000000| Untracked 
|  89|0x0000000617400000, 0x0000000617400000, 0x0000000617800000|  0%| F|  |TAMS 0x0000000617400000, 0x0000000617400000| Untracked 
|  90|0x0000000617800000, 0x0000000617800000, 0x0000000617c00000|  0%| F|  |TAMS 0x0000000617800000, 0x0000000617800000| Untracked 
|  91|0x0000000617c00000, 0x0000000617c00000, 0x0000000618000000|  0%| F|  |TAMS 0x0000000617c00000, 0x0000000617c00000| Untracked 
|  92|0x0000000618000000, 0x0000000618000000, 0x0000000618400000|  0%| F|  |TAMS 0x0000000618000000, 0x0000000618000000| Untracked 
|  93|0x0000000618400000, 0x0000000618400000, 0x0000000618800000|  0%| F|  |TAMS 0x0000000618400000, 0x0000000618400000| Untracked 
|  94|0x0000000618800000, 0x0000000618800000, 0x0000000618c00000|  0%| F|  |TAMS 0x0000000618800000, 0x0000000618800000| Untracked 
|  95|0x0000000618c00000, 0x0000000618c00000, 0x0000000619000000|  0%| F|  |TAMS 0x0000000618c00000, 0x0000000618c00000| Untracked 
|  96|0x0000000619000000, 0x0000000619000000, 0x0000000619400000|  0%| F|  |TAMS 0x0000000619000000, 0x0000000619000000| Untracked 
|  97|0x0000000619400000, 0x0000000619400000, 0x0000000619800000|  0%| F|  |TAMS 0x0000000619400000, 0x0000000619400000| Untracked 
|  98|0x0000000619800000, 0x0000000619800000, 0x0000000619c00000|  0%| F|  |TAMS 0x0000000619800000, 0x0000000619800000| Untracked 
|  99|0x0000000619c00000, 0x0000000619c00000, 0x000000061a000000|  0%| F|  |TAMS 0x0000000619c00000, 0x0000000619c00000| Untracked 
| 100|0x000000061a000000, 0x000000061a000000, 0x000000061a400000|  0%| F|  |TAMS 0x000000061a000000, 0x000000061a000000| Untracked 
| 101|0x000000061a400000, 0x000000061a400000, 0x000000061a800000|  0%| F|  |TAMS 0x000000061a400000, 0x000000061a400000| Untracked 
| 102|0x000000061a800000, 0x000000061a800000, 0x000000061ac00000|  0%| F|  |TAMS 0x000000061a800000, 0x000000061a800000| Untracked 
| 103|0x000000061ac00000, 0x000000061ac00000, 0x000000061b000000|  0%| F|  |TAMS 0x000000061ac00000, 0x000000061ac00000| Untracked 
| 104|0x000000061b000000, 0x000000061b000000, 0x000000061b400000|  0%| F|  |TAMS 0x000000061b000000, 0x000000061b000000| Untracked 
| 105|0x000000061b400000, 0x000000061b400000, 0x000000061b800000|  0%| F|  |TAMS 0x000000061b400000, 0x000000061b400000| Untracked 
| 106|0x000000061b800000, 0x000000061b800000, 0x000000061bc00000|  0%| F|  |TAMS 0x000000061b800000, 0x000000061b800000| Untracked 
| 107|0x000000061bc00000, 0x000000061bc00000, 0x000000061c000000|  0%| F|  |TAMS 0x000000061bc00000, 0x000000061bc00000| Untracked 
| 108|0x000000061c000000, 0x000000061c000000, 0x000000061c400000|  0%| F|  |TAMS 0x000000061c000000, 0x000000061c000000| Untracked 
| 109|0x000000061c400000, 0x000000061c400000, 0x000000061c800000|  0%| F|  |TAMS 0x000000061c400000, 0x000000061c400000| Untracked 
| 110|0x000000061c800000, 0x000000061c800000, 0x000000061cc00000|  0%| F|  |TAMS 0x000000061c800000, 0x000000061c800000| Untracked 
| 111|0x000000061cc00000, 0x000000061cc00000, 0x000000061d000000|  0%| F|  |TAMS 0x000000061cc00000, 0x000000061cc00000| Untracked 
| 112|0x000000061d000000, 0x000000061d000000, 0x000000061d400000|  0%| F|  |TAMS 0x000000061d000000, 0x000000061d000000| Untracked 
| 113|0x000000061d400000, 0x000000061d400000, 0x000000061d800000|  0%| F|  |TAMS 0x000000061d400000, 0x000000061d400000| Untracked 
| 114|0x000000061d800000, 0x000000061d800000, 0x000000061dc00000|  0%| F|  |TAMS 0x000000061d800000, 0x000000061d800000| Untracked 
| 115|0x000000061dc00000, 0x000000061dc00000, 0x000000061e000000|  0%| F|  |TAMS 0x000000061dc00000, 0x000000061dc00000| Untracked 
| 116|0x000000061e000000, 0x000000061e000000, 0x000000061e400000|  0%| F|  |TAMS 0x000000061e000000, 0x000000061e000000| Untracked 
| 117|0x000000061e400000, 0x000000061e400000, 0x000000061e800000|  0%| F|  |TAMS 0x000000061e400000, 0x000000061e400000| Untracked 
| 118|0x000000061e800000, 0x000000061e800000, 0x000000061ec00000|  0%| F|  |TAMS 0x000000061e800000, 0x000000061e800000| Untracked 
| 119|0x000000061ec00000, 0x000000061ec00000, 0x000000061f000000|  0%| F|  |TAMS 0x000000061ec00000, 0x000000061ec00000| Untracked 
| 120|0x000000061f000000, 0x000000061f000000, 0x000000061f400000|  0%| F|  |TAMS 0x000000061f000000, 0x000000061f000000| Untracked 
| 121|0x000000061f400000, 0x000000061f400000, 0x000000061f800000|  0%| F|  |TAMS 0x000000061f400000, 0x000000061f400000| Untracked 
| 122|0x000000061f800000, 0x000000061f800000, 0x000000061fc00000|  0%| F|  |TAMS 0x000000061f800000, 0x000000061f800000| Untracked 
| 123|0x000000061fc00000, 0x000000061fc00000, 0x0000000620000000|  0%| F|  |TAMS 0x000000061fc00000, 0x000000061fc00000| Untracked 
| 124|0x0000000620000000, 0x00000006201714a0, 0x0000000620400000| 36%| E|  |TAMS 0x0000000620000000, 0x0000000620000000| Complete 
| 125|0x0000000620400000, 0x0000000620800000, 0x0000000620800000|100%| E|CS|TAMS 0x0000000620400000, 0x0000000620400000| Complete 
| 126|0x0000000620800000, 0x0000000620c00000, 0x0000000620c00000|100%| E|CS|TAMS 0x0000000620800000, 0x0000000620800000| Complete 
| 127|0x0000000620c00000, 0x0000000621000000, 0x0000000621000000|100%| E|CS|TAMS 0x0000000620c00000, 0x0000000620c00000| Complete 

Card table byte_map: [0x0000018d61c20000,0x0000018d62c20000] _byte_map_base: 0x0000018d5ec18000

Marking Bits (Prev, Next): (CMBitMap*) 0x0000018d4792f970, (CMBitMap*) 0x0000018d4792f9b0
 Prev Bits: [0x0000018d63c20000, 0x0000018d6bbe0000)
 Next Bits: [0x0000018d6bbe0000, 0x0000018d73ba0000)

Polling page: 0x0000018d476b0000

Metaspace:

Usage:
  Non-class:      8.60 MB used.
      Class:      1.06 MB used.
       Both:      9.65 MB used.

Virtual space:
  Non-class space:       64.00 MB reserved,       8.75 MB ( 14%) committed,  1 nodes.
      Class space:        1.00 GB reserved,       1.12 MB ( <1%) committed,  1 nodes.
             Both:        1.06 GB reserved,       9.88 MB ( <1%) committed. 

Chunk freelists:
   Non-Class:  3.00 MB
       Class:  2.69 MB
        Both:  5.69 MB

MaxMetaspaceSize: unlimited
CompressedClassSpaceSize: 1.00 GB
Initial GC threshold: 21.00 MB
Current GC threshold: 21.00 MB
CDS: on
MetaspaceReclaimPolicy: balanced
 - commit_granule_bytes: 65536.
 - commit_granule_words: 8192.
 - virtual_space_node_default_size: 8388608.
 - enlarge_chunks_in_place: 1.
 - new_chunks_are_fully_committed: 0.
 - uncommit_free_chunks: 1.
 - use_allocation_guard: 0.


Internal statistics:

num_allocs_failed_limit: 0.
num_arena_births: 220.
num_arena_deaths: 0.
num_vsnodes_births: 2.
num_vsnodes_deaths: 0.
num_space_committed: 158.
num_space_uncommitted: 0.
num_chunks_returned_to_freelist: 0.
num_chunks_taken_from_freelist: 285.
num_chunk_merges: 0.
num_chunk_splits: 179.
num_chunks_enlarged: 99.
num_inconsistent_stats: 0.

CodeHeap 'non-profiled nmethods': size=120000Kb used=425Kb max_used=425Kb free=119574Kb
 bounds [0x0000018d58a60000, 0x0000018d58cd0000, 0x0000018d5ff90000]
CodeHeap 'profiled nmethods': size=120000Kb used=2306Kb max_used=2306Kb free=117693Kb
 bounds [0x0000018d50f90000, 0x0000018d51200000, 0x0000018d584c0000]
CodeHeap 'non-nmethods': size=5760Kb used=1399Kb max_used=1430Kb free=4360Kb
 bounds [0x0000018d584c0000, 0x0000018d58730000, 0x0000018d58a60000]
 total_blobs=2072 nmethods=1414 adapters=569
 compilation: enabled
              stopped_count=0, restarted_count=0
 full_count=0

Compilation events (20 events):
Event: 1.189 Thread 0x0000018d7615e410 nmethod 1400 0x0000018d511c9f90 code [0x0000018d511ca180, 0x0000018d511ca668]
Event: 1.189 Thread 0x0000018d7615e410 1401   !   3       java.util.concurrent.locks.AbstractQueuedSynchronizer$ConditionObject::await (183 bytes)
Event: 1.190 Thread 0x0000018d7615e410 nmethod 1401 0x0000018d511ca910 code [0x0000018d511cac80, 0x0000018d511cc278]
Event: 1.193 Thread 0x0000018d7615e410 1403       3       java.awt.Container::getMouseEventTarget (12 bytes)
Event: 1.193 Thread 0x0000018d7615e410 nmethod 1403 0x0000018d511cca90 code [0x0000018d511ccc40, 0x0000018d511ccd88]
Event: 1.193 Thread 0x0000018d7615e410 1404       3       java.awt.LightweightDispatcher::trackMouseEnterExit (111 bytes)
Event: 1.194 Thread 0x0000018d7615e410 nmethod 1404 0x0000018d511cce10 code [0x0000018d511cd100, 0x0000018d511ce478]
Event: 1.194 Thread 0x0000018d7615e410 1405       3       java.awt.LightweightDispatcher::retargetMouseEnterExit (79 bytes)
Event: 1.195 Thread 0x0000018d7615e410 nmethod 1405 0x0000018d511cea90 code [0x0000018d511cec60, 0x0000018d511cf278]
Event: 1.195 Thread 0x0000018d7615e410 1406       3       javax.swing.JComponent::processMouseMotionEvent (46 bytes)
Event: 1.195 Thread 0x0000018d7615e410 nmethod 1406 0x0000018d511cf410 code [0x0000018d511cf5e0, 0x0000018d511cf948]
Event: 1.204 Thread 0x0000018d7eace980 1407       4       java.awt.Container::findComponentAtImpl (161 bytes)
Event: 1.208 Thread 0x0000018d7615e410 1409       3       java.util.concurrent.locks.AbstractQueuedSynchronizer$Node::setPrevRelaxed (12 bytes)
Event: 1.208 Thread 0x0000018d7615e410 nmethod 1409 0x0000018d511cfa90 code [0x0000018d511cfc20, 0x0000018d511cfd98]
Event: 1.210 Thread 0x0000018d7615e410 1410       3       java.util.concurrent.locks.AbstractQueuedSynchronizer::casTail (13 bytes)
Event: 1.210 Thread 0x0000018d7615e410 nmethod 1410 0x0000018d511cfe10 code [0x0000018d511cffa0, 0x0000018d511d0118]
Event: 1.210 Thread 0x0000018d7615e410 1412       3       jdk.internal.misc.Unsafe::putIntOpaque (9 bytes)
Event: 1.210 Thread 0x0000018d7615e410 nmethod 1412 0x0000018d511d0190 code [0x0000018d511d0320, 0x0000018d511d0438]
Event: 1.211 Thread 0x0000018d7615e410 1414       3       java.util.concurrent.locks.AbstractQueuedSynchronizer$Node::setStatusRelaxed (12 bytes)
Event: 1.211 Thread 0x0000018d7615e410 nmethod 1414 0x0000018d511d0510 code [0x0000018d511d06a0, 0x0000018d511d07b8]

GC Heap History (0 events):
No events

Dll operation events (13 events):
Event: 0.005 Loaded shared library C:\Users\DeanV\.jdks\openjdk-19\bin\java.dll
Event: 0.013 Loaded shared library C:\Users\DeanV\.jdks\openjdk-19\bin\jsvml.dll
Event: 0.056 Loaded shared library C:\Users\DeanV\.jdks\openjdk-19\bin\zip.dll
Event: 0.058 Loaded shared library C:\Users\DeanV\.jdks\openjdk-19\bin\instrument.dll
Event: 0.063 Loaded shared library C:\Users\DeanV\.jdks\openjdk-19\bin\net.dll
Event: 0.064 Loaded shared library C:\Users\DeanV\.jdks\openjdk-19\bin\nio.dll
Event: 0.067 Loaded shared library C:\Users\DeanV\.jdks\openjdk-19\bin\zip.dll
Event: 0.074 Loaded shared library G:\IntelliJ IDEA 2022.2.2\bin\breakgen64.dll
Event: 0.079 Loaded shared library C:\Users\DeanV\.jdks\openjdk-19\bin\jimage.dll
Event: 0.081 Loaded shared library C:\Users\DeanV\.jdks\openjdk-19\bin\extnet.dll
Event: 0.104 Loaded shared library C:\Users\DeanV\.jdks\openjdk-19\bin\awt.dll
Event: 0.253 Loaded shared library C:\Users\DeanV\.jdks\openjdk-19\bin\freetype.dll
Event: 0.253 Loaded shared library C:\Users\DeanV\.jdks\openjdk-19\bin\fontmanager.dll

Deoptimization events (20 events):
Event: 0.555 Thread 0x0000018d4787e220 Uncommon trap: trap_request=0xffffffde fr.pc=0x0000018d58a6e2cc relative=0x00000000000001ac
Event: 0.555 Thread 0x0000018d4787e220 Uncommon trap: reason=class_check action=maybe_recompile pc=0x0000018d58a6e2cc method=java.lang.String.equals(Ljava/lang/Object;)Z @ 8 c2
Event: 0.555 Thread 0x0000018d4787e220 DEOPT PACKING pc=0x0000018d58a6e2cc sp=0x00000075075feb00
Event: 0.555 Thread 0x0000018d4787e220 DEOPT UNPACKING pc=0x0000018d58526da3 sp=0x00000075075fea98 mode 2
Event: 0.555 Thread 0x0000018d4787e220 Uncommon trap: trap_request=0xffffffde fr.pc=0x0000018d58a6e2cc relative=0x00000000000001ac
Event: 0.555 Thread 0x0000018d4787e220 Uncommon trap: reason=class_check action=maybe_recompile pc=0x0000018d58a6e2cc method=java.lang.String.equals(Ljava/lang/Object;)Z @ 8 c2
Event: 0.555 Thread 0x0000018d4787e220 DEOPT PACKING pc=0x0000018d58a6e2cc sp=0x00000075075fe480
Event: 0.555 Thread 0x0000018d4787e220 DEOPT UNPACKING pc=0x0000018d58526da3 sp=0x00000075075fe418 mode 2
Event: 0.555 Thread 0x0000018d4787e220 Uncommon trap: trap_request=0xffffffde fr.pc=0x0000018d58a6e2cc relative=0x00000000000001ac
Event: 0.555 Thread 0x0000018d4787e220 Uncommon trap: reason=class_check action=maybe_recompile pc=0x0000018d58a6e2cc method=java.lang.String.equals(Ljava/lang/Object;)Z @ 8 c2
Event: 0.555 Thread 0x0000018d4787e220 DEOPT PACKING pc=0x0000018d58a6e2cc sp=0x00000075075fe420
Event: 0.555 Thread 0x0000018d4787e220 DEOPT UNPACKING pc=0x0000018d58526da3 sp=0x00000075075fe3b8 mode 2
Event: 1.045 Thread 0x0000018d76157d50 Uncommon trap: trap_request=0xffffff45 fr.pc=0x0000018d58a9b408 relative=0x0000000000000708
Event: 1.045 Thread 0x0000018d76157d50 Uncommon trap: reason=unstable_if action=reinterpret pc=0x0000018d58a9b408 method=java.util.regex.Matcher.search(I)Z @ 30 c2
Event: 1.045 Thread 0x0000018d76157d50 DEOPT PACKING pc=0x0000018d58a9b408 sp=0x0000007507ffe7c0
Event: 1.045 Thread 0x0000018d76157d50 DEOPT UNPACKING pc=0x0000018d58526da3 sp=0x0000007507ffe7a0 mode 2
Event: 1.049 Thread 0x0000018d76157d50 Uncommon trap: trap_request=0xffffff45 fr.pc=0x0000018d58a99808 relative=0x0000000000000148
Event: 1.049 Thread 0x0000018d76157d50 Uncommon trap: reason=unstable_if action=reinterpret pc=0x0000018d58a99808 method=java.util.regex.Pattern$BmpCharPropertyGreedy.match(Ljava/util/regex/Matcher;ILjava/lang/CharSequence;)Z @ 12 c2
Event: 1.049 Thread 0x0000018d76157d50 DEOPT PACKING pc=0x0000018d58a99808 sp=0x0000007507ffe750
Event: 1.049 Thread 0x0000018d76157d50 DEOPT UNPACKING pc=0x0000018d58526da3 sp=0x0000007507ffe6e8 mode 2

Classes loaded (20 events):
Event: 1.051 Loading class java/time/zone/ZoneRulesProvider$1
Event: 1.051 Loading class java/time/zone/ZoneRulesProvider$1 done
Event: 1.051 Loading class java/time/zone/TzdbZoneRulesProvider
Event: 1.052 Loading class java/time/zone/TzdbZoneRulesProvider done
Event: 1.055 Loading class java/time/zone/Ser
Event: 1.055 Loading class java/time/zone/Ser done
Event: 1.056 Loading class java/time/Month
Event: 1.056 Loading class java/time/Month done
Event: 1.056 Loading class java/time/DayOfWeek
Event: 1.056 Loading class java/time/DayOfWeek done
Event: 1.056 Loading class java/time/zone/ZoneOffsetTransitionRule$TimeDefinition
Event: 1.056 Loading class java/time/zone/ZoneOffsetTransitionRule$TimeDefinition done
Event: 1.057 Loading class java/time/zone/ZoneOffsetTransition
Event: 1.057 Loading class java/time/zone/ZoneOffsetTransition done
Event: 1.059 Loading class sun/util/cldr/CLDRBaseLocaleDataMetaInfo$TZCanonicalIDMapHolder
Event: 1.059 Loading class sun/util/cldr/CLDRBaseLocaleDataMetaInfo$TZCanonicalIDMapHolder done
Event: 1.061 Loading class sun/util/resources/TimeZoneNames
Event: 1.061 Loading class sun/util/resources/TimeZoneNames done
Event: 1.062 Loading class sun/util/resources/TimeZoneNames_en
Event: 1.062 Loading class sun/util/resources/TimeZoneNames_en done

Classes unloaded (0 events):
No events

Classes redefined (0 events):
No events

Internal exceptions (16 events):
Event: 0.068 Thread 0x0000018d4787e220 Exception <a 'java/lang/NoSuchMethodError'{0x0000000620f1e0b0}: 'void java.lang.invoke.DirectMethodHandle$Holder.invokeStatic(java.lang.Object, java.lang.Object, java.lang.Object)'> (0x0000000620f1e0b0) 
thrown [s\open\src\hotspot\share\interpreter\linkResolver.cpp, line 774]
Event: 0.072 Thread 0x0000018d4787e220 Exception <a 'java/lang/NoSuchMethodError'{0x0000000620f366a8}: 'java.lang.Object java.lang.invoke.Invokers$Holder.invokeExact_MT(java.lang.Object, java.lang.Object, java.lang.Object, java.lang.Object, java.lang.Object)'> (0x0000000620f366a8) 
thrown [s\open\src\hotspot\share\interpreter\linkResolver.cpp, line 774]
Event: 0.083 Thread 0x0000018d7adc3a70 Exception <a 'java/lang/NoSuchMethodError'{0x0000000620f63b30}: 'void java.lang.invoke.DirectMethodHandle$Holder.invokeStatic(java.lang.Object, java.lang.Object)'> (0x0000000620f63b30) 
thrown [s\open\src\hotspot\share\interpreter\linkResolver.cpp, line 774]
Event: 0.096 Thread 0x0000018d4787e220 Exception <a 'java/lang/ClassNotFoundException'{0x0000000620fe7800}: sun/awt/resources/spi/awtProvider> (0x0000000620fe7800) 
thrown [s\open\src\hotspot\share\classfile\systemDictionary.cpp, line 255]
Event: 0.117 Thread 0x0000018d4787e220 Exception <a 'java/io/FileNotFoundException'{0x000000062083cd28}> (0x000000062083cd28) 
thrown [s\open\src\hotspot\share\prims\jni.cpp, line 517]
Event: 0.124 Thread 0x0000018d4787e220 Exception <a 'java/io/FileNotFoundException'{0x0000000620869098}> (0x0000000620869098) 
thrown [s\open\src\hotspot\share\prims\jni.cpp, line 517]
Event: 0.159 Thread 0x0000018d4787e220 Exception <a 'java/lang/NoSuchMethodError'{0x00000006208c0558}: 'java.lang.Object java.lang.invoke.DirectMethodHandle$Holder.invokeStaticInit(java.lang.Object)'> (0x00000006208c0558) 
thrown [s\open\src\hotspot\share\interpreter\linkResolver.cpp, line 774]
Event: 0.178 Thread 0x0000018d4787e220 Exception <a 'java/lang/NoSuchMethodError'{0x00000006208ea168}: 'void java.lang.invoke.DirectMethodHandle$Holder.invokeSpecial(java.lang.Object, java.lang.Object, java.lang.Object)'> (0x00000006208ea168) 
thrown [s\open\src\hotspot\share\interpreter\linkResolver.cpp, line 774]
Event: 0.184 Thread 0x0000018d4787e220 Exception <a 'java/lang/NoSuchMethodError'{0x0000000620a0a4d0}: 'java.lang.Object java.lang.invoke.DirectMethodHandle$Holder.newInvokeSpecial(java.lang.Object, java.lang.Object, java.lang.Object, java.lang.Object, java.lang.Object)'> (0x0000000620a0a4d0) 
thrown [s\open\src\hotspot\share\interpreter\linkResolver.cpp, line 774]
Event: 0.189 Thread 0x0000018d4787e220 Exception <a 'java/lang/NoSuchMethodError'{0x0000000620a3b9b8}: 'java.lang.Object java.lang.invoke.DirectMethodHandle$Holder.invokeStatic(java.lang.Object, int, java.lang.Object)'> (0x0000000620a3b9b8) 
thrown [s\open\src\hotspot\share\interpreter\linkResolver.cpp, line 774]
Event: 0.212 Thread 0x0000018d4787e220 Exception <a 'java/lang/ClassNotFoundException'{0x0000000620afa2a8}: com/sun/swing/internal/plaf/metal/resources/spi/metalProvider> (0x0000000620afa2a8) 
thrown [s\open\src\hotspot\share\classfile\systemDictionary.cpp, line 255]
Event: 0.213 Thread 0x0000018d4787e220 Exception <a 'java/lang/ClassNotFoundException'{0x0000000620afe028}: com/sun/swing/internal/plaf/basic/resources/spi/basicProvider> (0x0000000620afe028) 
thrown [s\open\src\hotspot\share\classfile\systemDictionary.cpp, line 255]
Event: 0.222 Thread 0x0000018d4787e220 Exception <a 'java/lang/NoSuchMethodError'{0x0000000620b34a40}: 'int java.lang.invoke.Invokers$Holder.invokeExact_MT(java.lang.Object, java.lang.Object)'> (0x0000000620b34a40) 
thrown [s\open\src\hotspot\share\interpreter\linkResolver.cpp, line 774]
Event: 0.503 Thread 0x0000018d7afcad10 Exception <a 'java/lang/NoSuchMethodError'{0x0000000620980a68}: 'void java.lang.invoke.DirectMethodHandle$Holder.invokeVirtual(java.lang.Object, java.lang.Object)'> (0x0000000620980a68) 
thrown [s\open\src\hotspot\share\interpreter\linkResolver.cpp, line 774]
Event: 0.515 Thread 0x0000018d4787e220 Exception <a 'java/lang/NoSuchMethodError'{0x0000000620637130}: 'void java.lang.invoke.DirectMethodHandle$Holder.invokeStaticInit(java.lang.Object)'> (0x0000000620637130) 
thrown [s\open\src\hotspot\share\interpreter\linkResolver.cpp, line 774]
Event: 1.064 Thread 0x0000018d76157d50 Exception <a 'java/lang/NoSuchMethodError'{0x00000006200c2c38}: 'java.lang.Object java.lang.invoke.Invokers$Holder.invokeExact_MT(java.lang.Object, java.lang.Object, java.lang.Object, java.lang.Object, java.lang.Object, java.lang.Object)'> (0x00000006200c2c38) 
thrown [s\open\src\hotspot\share\interpreter\linkResolver.cpp, line 774]

VM Operations (20 events):
Event: 0.077 Executing VM operation: HandshakeAllThreads
Event: 0.077 Executing VM operation: HandshakeAllThreads done
Event: 0.131 Executing VM operation: HandshakeAllThreads
Event: 0.131 Executing VM operation: HandshakeAllThreads done
Event: 0.219 Executing VM operation: HandshakeAllThreads
Event: 0.219 Executing VM operation: HandshakeAllThreads done
Event: 0.463 Executing VM operation: HandshakeAllThreads
Event: 0.463 Executing VM operation: HandshakeAllThreads done
Event: 0.487 Executing VM operation: HandshakeAllThreads
Event: 0.487 Executing VM operation: HandshakeAllThreads done
Event: 0.488 Executing VM operation: HandshakeAllThreads
Event: 0.488 Executing VM operation: HandshakeAllThreads done
Event: 0.494 Executing VM operation: HandshakeAllThreads
Event: 0.494 Executing VM operation: HandshakeAllThreads done
Event: 0.622 Executing VM operation: ICBufferFull
Event: 0.622 Executing VM operation: ICBufferFull done
Event: 0.630 Executing VM operation: HandshakeAllThreads
Event: 0.630 Executing VM operation: HandshakeAllThreads done
Event: 0.660 Executing VM operation: HandshakeAllThreads
Event: 0.660 Executing VM operation: HandshakeAllThreads done

Events (20 events):
Event: 0.024 Thread 0x0000018d76158820 Thread added: 0x0000018d76158820
Event: 0.024 Thread 0x0000018d76159490 Thread added: 0x0000018d76159490
Event: 0.025 Thread 0x0000018d7ac083c0 Thread added: 0x0000018d7ac083c0
Event: 0.025 Thread 0x0000018d7615e410 Thread added: 0x0000018d7615e410
Event: 0.025 Thread 0x0000018d7ac11d50 Thread added: 0x0000018d7ac11d50
Event: 0.040 Thread 0x0000018d76122bc0 Thread added: 0x0000018d76122bc0
Event: 0.075 Thread 0x0000018d7adc3a70 Thread added: 0x0000018d7adc3a70
Event: 0.075 Thread 0x0000018d7adc3fb0 Thread added: 0x0000018d7adc3fb0
Event: 0.160 Thread 0x0000018d7afc6700 Thread added: 0x0000018d7afc6700
Event: 0.160 Thread 0x0000018d7afc8710 Thread added: 0x0000018d7afc8710
Event: 0.161 Thread 0x0000018d7afcad10 Thread added: 0x0000018d7afcad10
Event: 0.227 Thread 0x0000018d7c071c20 Thread added: 0x0000018d7c071c20
Event: 0.468 Thread 0x0000018d7e8fb1e0 Thread added: 0x0000018d7e8fb1e0
Event: 0.621 Thread 0x0000018d4787e220 Thread exited: 0x0000018d4787e220
Event: 0.622 Thread 0x0000018d4787e220 Thread added: 0x0000018d4787e220
Event: 0.638 Thread 0x0000018d7ea54fe0 Thread added: 0x0000018d7ea54fe0
Event: 0.851 Thread 0x0000018d7e8fb1e0 Thread exited: 0x0000018d7e8fb1e0
Event: 1.054 Thread 0x0000018d7eace980 Thread added: 0x0000018d7eace980
Event: 1.054 Thread 0x0000018d7eae04a0 Thread added: 0x0000018d7eae04a0
Event: 1.168 Thread 0x0000018d7eae04a0 Thread exited: 0x0000018d7eae04a0


Dynamic libraries:
0x00007ff6f0020000 - 0x00007ff6f002e000 	C:\Users\DeanV\.jdks\openjdk-19\bin\java.exe
0x00007ff821cb0000 - 0x00007ff821ea8000 	C:\Windows\SYSTEM32\ntdll.dll
0x00007ff8205e0000 - 0x00007ff82069f000 	C:\Windows\System32\KERNEL32.DLL
0x00007ff81f960000 - 0x00007ff81fc32000 	C:\Windows\System32\KERNELBASE.dll
0x00007ff81f3d0000 - 0x00007ff81f4d0000 	C:\Windows\System32\ucrtbase.dll
0x00007ff81bf70000 - 0x00007ff81bf8b000 	C:\Users\DeanV\.jdks\openjdk-19\bin\VCRUNTIME140.dll
0x00007ff819e10000 - 0x00007ff819e27000 	C:\Users\DeanV\.jdks\openjdk-19\bin\jli.dll
0x00007ff820820000 - 0x00007ff8209c1000 	C:\Windows\System32\USER32.dll
0x00007ff80b6b0000 - 0x00007ff80b94a000 	C:\Windows\WinSxS\amd64_microsoft.windows.common-controls_6595b64144ccf1df_6.0.19041.1110_none_60b5254171f9507e\COMCTL32.dll
0x00007ff81f930000 - 0x00007ff81f952000 	C:\Windows\System32\win32u.dll
0x00007ff81fe20000 - 0x00007ff81fe4b000 	C:\Windows\System32\GDI32.dll
0x00007ff820030000 - 0x00007ff8200ce000 	C:\Windows\System32\msvcrt.dll
0x00007ff81f600000 - 0x00007ff81f70f000 	C:\Windows\System32\gdi32full.dll
0x00007ff81f4d0000 - 0x00007ff81f56d000 	C:\Windows\System32\msvcp_win.dll
0x00007ff8207e0000 - 0x00007ff820812000 	C:\Windows\System32\IMM32.DLL
0x00007ff809540000 - 0x00007ff80954c000 	C:\Users\DeanV\.jdks\openjdk-19\bin\vcruntime140_1.dll
0x00007ffffa220000 - 0x00007ffffa2ae000 	C:\Users\DeanV\.jdks\openjdk-19\bin\msvcp140.dll
0x00007fff9ba70000 - 0x00007fff9c730000 	C:\Users\DeanV\.jdks\openjdk-19\bin\server\jvm.dll
0x00007ff821470000 - 0x00007ff82151e000 	C:\Windows\System32\ADVAPI32.dll
0x00007ff81ff70000 - 0x00007ff82000c000 	C:\Windows\System32\sechost.dll
0x00007ff8209e0000 - 0x00007ff820b05000 	C:\Windows\System32\RPCRT4.dll
0x00007ff80b6a0000 - 0x00007ff80b6a9000 	C:\Windows\SYSTEM32\WSOCK32.dll
0x00007ff817650000 - 0x00007ff81765a000 	C:\Windows\SYSTEM32\VERSION.dll
0x00007ff820cb0000 - 0x00007ff820d1b000 	C:\Windows\System32\WS2_32.dll
0x00007ff815110000 - 0x00007ff815137000 	C:\Windows\SYSTEM32\WINMM.dll
0x00007ff81d280000 - 0x00007ff81d292000 	C:\Windows\SYSTEM32\kernel.appcore.dll
0x00007ff809530000 - 0x00007ff80953a000 	C:\Users\DeanV\.jdks\openjdk-19\bin\jimage.dll
0x00007ff812320000 - 0x00007ff812504000 	C:\Windows\SYSTEM32\DBGHELP.DLL
0x00007ff80aae0000 - 0x00007ff80ab15000 	C:\Windows\SYSTEM32\dbgcore.DLL
0x00007ff81f570000 - 0x00007ff81f5f2000 	C:\Windows\System32\bcryptPrimitives.dll
0x00007ff8074d0000 - 0x00007ff8074de000 	C:\Users\DeanV\.jdks\openjdk-19\bin\instrument.dll
0x00007ffff88d0000 - 0x00007ffff88f6000 	C:\Users\DeanV\.jdks\openjdk-19\bin\java.dll
0x00007fffb6330000 - 0x00007fffb6407000 	C:\Users\DeanV\.jdks\openjdk-19\bin\jsvml.dll
0x00007ff821520000 - 0x00007ff821c64000 	C:\Windows\System32\SHELL32.dll
0x00007ff81d480000 - 0x00007ff81dc12000 	C:\Windows\SYSTEM32\windows.storage.dll
0x00007ff8200d0000 - 0x00007ff820425000 	C:\Windows\System32\combase.dll
0x00007ff81ee00000 - 0x00007ff81ee30000 	C:\Windows\SYSTEM32\Wldp.dll
0x00007ff820730000 - 0x00007ff8207dd000 	C:\Windows\System32\SHCORE.dll
0x00007ff81fcf0000 - 0x00007ff81fd45000 	C:\Windows\System32\shlwapi.dll
0x00007ff81f2e0000 - 0x00007ff81f2ff000 	C:\Windows\SYSTEM32\profapi.dll
0x00007ffff6b30000 - 0x00007ffff6b48000 	C:\Users\DeanV\.jdks\openjdk-19\bin\zip.dll
0x00007ffffd5c0000 - 0x00007ffffd5d3000 	C:\Users\DeanV\.jdks\openjdk-19\bin\net.dll
0x00007ff8170b0000 - 0x00007ff8171bc000 	C:\Windows\SYSTEM32\WINHTTP.dll
0x00007ff81eb60000 - 0x00007ff81ebca000 	C:\Windows\system32\mswsock.dll
0x00007ffff88b0000 - 0x00007ffff88c6000 	C:\Users\DeanV\.jdks\openjdk-19\bin\nio.dll
0x00007fffed640000 - 0x00007fffed65a000 	G:\IntelliJ IDEA 2022.2.2\bin\breakgen64.dll
0x00007ff8074b0000 - 0x00007ff8074b8000 	C:\Users\DeanV\.jdks\openjdk-19\bin\extnet.dll
0x00007fffb61a0000 - 0x00007fffb6330000 	C:\Users\DeanV\.jdks\openjdk-19\bin\awt.dll
0x00007ff821240000 - 0x00007ff82130d000 	C:\Windows\System32\OLEAUT32.dll
0x00007ff81cbc0000 - 0x00007ff81cc51000 	C:\Windows\SYSTEM32\apphelp.dll
0x00007ff81cd10000 - 0x00007ff81cdae000 	C:\Windows\system32\uxtheme.dll
0x00007ff81fe50000 - 0x00007ff81ff65000 	C:\Windows\System32\MSCTF.dll
0x00007ff820b80000 - 0x00007ff820caa000 	C:\Windows\System32\ole32.dll
0x00007ff81d0a0000 - 0x00007ff81d0cf000 	C:\Windows\system32\DWMAPI.DLL
0x00007fffe7460000 - 0x00007fffe74e6000 	C:\Users\DeanV\.jdks\openjdk-19\bin\freetype.dll
0x00007fffe6db0000 - 0x00007fffe6e59000 	C:\Users\DeanV\.jdks\openjdk-19\bin\fontmanager.dll
0x00007fffc8bc0000 - 0x00007fffc8ce5000 	C:\Windows\system32\opengl32.dll
0x00007ff81aad0000 - 0x00007ff81aafc000 	C:\Windows\SYSTEM32\GLU32.dll
0x00007ff813fe0000 - 0x00007ff8141ae000 	C:\Windows\system32\d3d9.dll
0x00007ff815010000 - 0x00007ff8150ce000 	C:\Windows\System32\DriverStore\FileRepository\nv_dispi.inf_amd64_f52c4b8723f8dd33\nvldumdx.dll
0x00007ff81ef90000 - 0x00007ff81efa2000 	C:\Windows\SYSTEM32\msasn1.dll
0x00007ff8169a0000 - 0x00007ff8169d1000 	C:\Windows\SYSTEM32\cryptnet.dll
0x00007ff81f760000 - 0x00007ff81f8b6000 	C:\Windows\System32\CRYPT32.dll
0x00007ff816850000 - 0x00007ff816998000 	C:\Windows\SYSTEM32\drvstore.dll
0x00007ff81f150000 - 0x00007ff81f17c000 	C:\Windows\SYSTEM32\devobj.dll
0x00007ff81f710000 - 0x00007ff81f75e000 	C:\Windows\System32\cfgmgr32.dll
0x00007ff81ed70000 - 0x00007ff81ed7c000 	C:\Windows\SYSTEM32\cryptbase.dll
0x00007ff81f8c0000 - 0x00007ff81f929000 	C:\Windows\System32\WINTRUST.DLL
0x00007ff820010000 - 0x00007ff82002d000 	C:\Windows\System32\imagehlp.dll
0x00007ff81ed50000 - 0x00007ff81ed68000 	C:\Windows\SYSTEM32\CRYPTSP.dll
0x00007ff81e410000 - 0x00007ff81e444000 	C:\Windows\system32\rsaenh.dll
0x00007ff81f3a0000 - 0x00007ff81f3c7000 	C:\Windows\System32\bcrypt.dll
0x00007fff92d60000 - 0x00007fff9536b000 	C:\Windows\System32\DriverStore\FileRepository\nv_dispi.inf_amd64_f52c4b8723f8dd33\nvd3dumx.dll
0x00007fffbd820000 - 0x00007fffbdaef000 	C:\Windows\system32\nvspcap64.dll
0x00007ff81e530000 - 0x00007ff81e563000 	C:\Windows\SYSTEM32\ntmarta.dll
0x00007ff81dc30000 - 0x00007ff81dc53000 	C:\Windows\SYSTEM32\gpapi.dll
0x00007ff81a760000 - 0x00007ff81a79b000 	C:\Windows\SYSTEM32\dxcore.dll
0x00007ff820d20000 - 0x00007ff820dcf000 	C:\Windows\System32\clbcatq.dll
0x00007ff8184c0000 - 0x00007ff818674000 	C:\Windows\SYSTEM32\WindowsCodecs.dll
0x00007ffff13d0000 - 0x00007ffff140e000 	C:\Windows\system32\dataexchange.dll
0x00007ff81b020000 - 0x00007ff81b283000 	C:\Windows\system32\d3d11.dll
0x00007ff81c0c0000 - 0x00007ff81c2a3000 	C:\Windows\system32\dcomp.dll
0x00007ff81dc60000 - 0x00007ff81dd53000 	C:\Windows\system32\dxgi.dll
0x00007ff818890000 - 0x00007ff818a90000 	C:\Windows\system32\twinapi.appcore.dll
0x00007ff8051a0000 - 0x00007ff805299000 	C:\Windows\SYSTEM32\textinputframework.dll
0x00007ff81c630000 - 0x00007ff81c98e000 	C:\Windows\System32\CoreUIComponents.dll
0x00007ff81c990000 - 0x00007ff81ca82000 	C:\Windows\System32\CoreMessaging.dll
0x00007ff81bcd0000 - 0x00007ff81be24000 	C:\Windows\SYSTEM32\wintypes.dll

dbghelp: loaded successfully - version: 4.0.5 - missing functions: none
symbol engine: initialized successfully - sym options: 0x614 - pdb path: .;C:\Users\DeanV\.jdks\openjdk-19\bin;C:\Windows\SYSTEM32;C:\Windows\WinSxS\amd64_microsoft.windows.common-controls_6595b64144ccf1df_6.0.19041.1110_none_60b5254171f9507e;C:\Users\DeanV\.jdks\openjdk-19\bin\server;G:\IntelliJ IDEA 2022.2.2\bin;C:\Windows\System32\DriverStore\FileRepository\nv_dispi.inf_amd64_f52c4b8723f8dd33

VM Arguments:
jvm_args: -javaagent:G:\IntelliJ IDEA 2022.2.2\lib\idea_rt.jar=60456:G:\IntelliJ IDEA 2022.2.2\bin -Dfile.encoding=UTF-8 -Dsun.stdout.encoding=UTF-8 -Dsun.stderr.encoding=UTF-8 
java_command: TestRental
java_class_path (initial): G:\Git\Project-RentAVideo\out\production\Project-RentAVideo
Launcher Type: SUN_STANDARD

[Global flags]
     intx CICompilerCount                          = 4                                         {product} {ergonomic}
     uint ConcGCThreads                            = 3                                         {product} {ergonomic}
     uint G1ConcRefinementThreads                  = 10                                        {product} {ergonomic}
   size_t G1HeapRegionSize                         = 4194304                                   {product} {ergonomic}
    uintx GCDrainStackTargetSize                   = 64                                        {product} {ergonomic}
   size_t InitialHeapSize                          = 536870912                                 {product} {ergonomic}
   size_t MarkStackSize                            = 4194304                                   {product} {ergonomic}
   size_t MaxHeapSize                              = 8573157376                                {product} {ergonomic}
   size_t MaxNewSize                               = 5142216704                                {product} {ergonomic}
   size_t MinHeapDeltaBytes                        = 4194304                                   {product} {ergonomic}
   size_t MinHeapSize                              = 8388608                                   {product} {ergonomic}
    uintx NonNMethodCodeHeapSize                   = 5839372                                {pd product} {ergonomic}
    uintx NonProfiledCodeHeapSize                  = 122909434                              {pd product} {ergonomic}
    uintx ProfiledCodeHeapSize                     = 122909434                              {pd product} {ergonomic}
    uintx ReservedCodeCacheSize                    = 251658240                              {pd product} {ergonomic}
     bool SegmentedCodeCache                       = true                                      {product} {ergonomic}
   size_t SoftMaxHeapSize                          = 8573157376                             {manageable} {ergonomic}
     bool UseCompressedClassPointers               = true                           {product lp64_product} {ergonomic}
     bool UseCompressedOops                        = true                           {product lp64_product} {ergonomic}
     bool UseG1GC                                  = true                                      {product} {ergonomic}
     bool UseLargePagesIndividualAllocation        = false                                  {pd product} {ergonomic}

Logging:
Log output configuration:
 #0: stdout all=warning uptime,level,tags foldmultilines=false
 #1: stderr all=off uptime,level,tags foldmultilines=false

Environment Variables:
PATH=C:\Program Files\Common Files\Oracle\Java\javapath;C:\Program Files (x86)\Common Files\Oracle\Java\javapath;C:\Program Files (x86)\Razer Chroma SDK\bin;C:\Program Files\Razer Chroma SDK\bin;C:\Program Files (x86)\Razer\ChromaBroadcast\bin;C:\Program Files\Razer\ChromaBroadcast\bin;C:\Program Files\Microsoft\jdk-11.0.12.7-hotspot\bin;C:\Windows\system32;C:\Windows;C:\Windows\System32\Wbem;C:\Windows\System32\WindowsPowerShell\v1.0\;C:\Windows\System32\OpenSSH\;C:\Program Files\NVIDIA Corporation\NVIDIA NvDLISR;C:\Program Files (x86)\NVIDIA Corporation\PhysX\Common;C:\Program Files\Microsoft SQL Server\150\Tools\Binn\;C:\Program Files\Microsoft SQL Server\Client SDK\ODBC\170\Tools\Binn\;C:\Program Files\dotnet\;C:\Program Files (x86)\Intel\Intel(R) Management Engine Components\DAL;C:\Program Files\Intel\Intel(R) Management Engine Components\DAL;C:\Windows\system32\config\systemprofile\AppData\Local\Microsoft\WindowsApps;G:\Git\cmd;C:\Curl;C:\Users\DeanV\AppData\Local\Microsoft\WindowsApps;C:\Users\DeanV\.dotnet\tools;G:\IntelliJ IDEA 2022.2.2\bin;G:\VisualCode\bin;C:\Users\DeanV\AppData\Local\gitkraken\bin
USERNAME=DeanV
OS=Windows_NT
PROCESSOR_IDENTIFIER=Intel64 Family 6 Model 158 Stepping 10, GenuineIntel
TMP=C:\Users\DeanV\AppData\Local\Temp
TEMP=C:\Users\DeanV\AppData\Local\Temp



---------------  S Y S T E M  ---------------

OS:
 Windows 10 , 64 bit Build 19041 (10.0.19041.2364)
OS uptime: 0 days 4:58 hours

CPU: total 12 (initial active 12) (6 cores per cpu, 2 threads per core) family 6 model 158 stepping 10 microcode 0xd6, cx8, cmov, fxsr, ht, mmx, 3dnowpref, sse, sse2, sse3, ssse3, sse4.1, sse4.2, popcnt, lzcnt, tsc, tscinvbit, avx, avx2, aes, erms, clmul, bmi1, bmi2, rtm, adx, fma, vzeroupper, clflush, clflushopt, rdtscp

Memory: 4k page, system-wide physical 32703M (17811M free)
TotalPageFile size 48575M (AvailPageFile size 28979M)
current process WorkingSet (physical memory assigned to process): 95M, peak: 95M
current process commit charge ("private bytes"): 671M, peak: 671M

vm_info: OpenJDK 64-Bit Server VM (19+36-2238) for windows-amd64 JRE (19+36-2238), built on 2022-08-12T20:29:01Z by "mach5one" with MS VC++ 17.1 (VS2022)

END.
